INFO - 2024-01-15 18:03:34 --> Session: Class initialized using 'CodeIgniter\Session\Handlers\FileHandler' driver.
CRITICAL - 2024-01-15 18:03:57 --> Undefined property: Config\App::$baseURL
in SYSTEMPATH\HTTP\SiteURI.php on line 195.
 1 SYSTEMPATH\HTTP\SiteURI.php(195): CodeIgniter\Debug\Exceptions->errorHandler(8, 'Undefined property: Config\\App::$baseURL', 'C:\\xampp\\htdocs\\Turing-IA\\system\\HTTP\\SiteURI.php', 195, [...])
 2 SYSTEMPATH\HTTP\SiteURI.php(145): CodeIgniter\HTTP\SiteURI->normalizeBaseURL(Object(Config\App))
 3 SYSTEMPATH\HTTP\SiteURI.php(100): CodeIgniter\HTTP\SiteURI->determineBaseURL(Object(Config\App), null, null)
 4 SYSTEMPATH\HTTP\SiteURIFactory.php(224): CodeIgniter\HTTP\SiteURI->__construct(Object(Config\App), '/', null)
 5 SYSTEMPATH\HTTP\SiteURIFactory.php(45): CodeIgniter\HTTP\SiteURIFactory->createURIFromRoutePath('/')
 6 SYSTEMPATH\Config\Services.php(799): CodeIgniter\HTTP\SiteURIFactory->createFromGlobals()
 7 SYSTEMPATH\Config\BaseService.php(258): CodeIgniter\Config\Services::uri(null, false)
 8 SYSTEMPATH\Config\BaseService.php(199): CodeIgniter\Config\BaseService::__callStatic('uri', [...])
 9 SYSTEMPATH\Config\Services.php(792): CodeIgniter\Config\BaseService::getSharedInstance('uri', null)
10 SYSTEMPATH\Config\BaseService.php(258): CodeIgniter\Config\Services::uri()
11 SYSTEMPATH\Config\Services.php(566): CodeIgniter\Config\BaseService::__callStatic('uri', [])
12 SYSTEMPATH\Config\BaseService.php(258): CodeIgniter\Config\Services::incomingrequest(Object(Config\App), false)
13 SYSTEMPATH\Config\Services.php(524): CodeIgniter\Config\BaseService::__callStatic('incomingrequest', [...])
14 SYSTEMPATH\Config\BaseService.php(258): CodeIgniter\Config\Services::request(Object(Config\App), false)
15 SYSTEMPATH\Config\BaseService.php(199): CodeIgniter\Config\BaseService::__callStatic('request', [...])
16 SYSTEMPATH\Config\Services.php(559): CodeIgniter\Config\BaseService::getSharedInstance('request', Object(Config\App))
17 SYSTEMPATH\Config\BaseService.php(258): CodeIgniter\Config\Services::incomingrequest(Object(Config\App))
18 SYSTEMPATH\Config\Services.php(539): CodeIgniter\Config\BaseService::__callStatic('incomingrequest', [...])
19 SYSTEMPATH\Config\BaseService.php(258): CodeIgniter\Config\Services::createRequest(Object(Config\App))
20 SYSTEMPATH\CodeIgniter.php(655): CodeIgniter\Config\BaseService::__callStatic('createRequest', [...])
21 SYSTEMPATH\CodeIgniter.php(355): CodeIgniter\CodeIgniter->getRequestObject()
22 FCPATH\index.php(79): CodeIgniter\CodeIgniter->run()
CRITICAL - 2024-01-15 18:03:57 --> Uncaught ErrorException: Undefined property: Config\App::$baseURL in C:\xampp\htdocs\Turing-IA\system\HTTP\SiteURI.php:195
Stack trace:
#0 C:\xampp\htdocs\Turing-IA\system\HTTP\SiteURI.php(195): CodeIgniter\Debug\Exceptions->errorHandler(8, 'Undefined prope...', 'C:\\xampp\\htdocs...', 195, Array)
#1 C:\xampp\htdocs\Turing-IA\system\HTTP\SiteURI.php(145): CodeIgniter\HTTP\SiteURI->normalizeBaseURL(Object(Config\App))
#2 C:\xampp\htdocs\Turing-IA\system\HTTP\SiteURI.php(100): CodeIgniter\HTTP\SiteURI->determineBaseURL(Object(Config\App), NULL, NULL)
#3 C:\xampp\htdocs\Turing-IA\system\HTTP\SiteURIFactory.php(224): CodeIgniter\HTTP\SiteURI->__construct(Object(Config\App), '/', NULL)
#4 C:\xampp\htdocs\Turing-IA\system\HTTP\SiteURIFactory.php(45): CodeIgniter\HTTP\SiteURIFactory->createURIFromRoutePath('/')
#5 C:\xampp\htdocs\Turing-IA\system\Config\Services.php(799): CodeIgniter\HTTP\SiteURIFactory->createFromGlobals()
#6 C:\xampp\htdocs\Turing-IA\system\Config\BaseService.php(258): CodeIgniter\Config\Services:
【Previous Exception】
ErrorException
Undefined property: Config\App::$baseURL
#0 C:\xampp\htdocs\Turing-IA\system\HTTP\SiteURI.php(195): CodeIgniter\Debug\Exceptions->errorHandler(8, 'Undefined prope...', 'C:\\xampp\\htdocs...', 195, Array)
#1 C:\xampp\htdocs\Turing-IA\system\HTTP\SiteURI.php(145): CodeIgniter\HTTP\SiteURI->normalizeBaseURL(Object(Config\App))
#2 C:\xampp\htdocs\Turing-IA\system\HTTP\SiteURI.php(100): CodeIgniter\HTTP\SiteURI->determineBaseURL(Object(Config\App), NULL, NULL)
#3 C:\xampp\htdocs\Turing-IA\system\HTTP\SiteURIFactory.php(224): CodeIgniter\HTTP\SiteURI->__construct(Object(Config\App), '/', NULL)
#4 C:\xampp\htdocs\Turing-IA\system\HTTP\SiteURIFactory.php(45): CodeIgniter\HTTP\SiteURIFactory->createURIFromRoutePath('/')
#5 C:\xampp\htdocs\Turing-IA\system\Config\Services.php(799): CodeIgniter\HTTP\SiteURIFactory->createFromGlobals()
#6 C:\xampp\htdocs\Turing-IA\system\Config\BaseService.php(258): CodeIgniter\Config\Services::uri(NULL, false)
#7 C:\xampp\htdocs\Turing-IA\system\Config\BaseService.php(199): CodeIgniter\Config\BaseService::__callStatic('uri', Array)
#8 C:\xampp\htdocs\Turing-IA\system\Config\Services.php(792): CodeIgniter\Config\BaseService::getSharedInstance('uri', NULL)
#9 C:\xampp\htdocs\Turing-IA\system\Config\BaseService.php(258): CodeIgniter\Config\Services::uri()
#10 C:\xampp\htdocs\Turing-IA\system\Config\Services.php(566): CodeIgniter\Config\BaseService::__callStatic('uri', Array)
#11 C:\xampp\htdocs\Turing-IA\system\Config\BaseService.php(258): CodeIgniter\Config\Services::incomingrequest(Object(Config\App), false)
#12 C:\xampp\htdocs\Turing-IA\system\Config\Services.php(524): CodeIgniter\Config\BaseService::__callStatic('incomingrequest', Array)
#13 C:\xampp\htdocs\Turing-IA\system\Config\BaseService.php(258): CodeIgniter\Config\Services::request(Object(Config\App), false)
#14 C:\xampp\htdocs\Turing-IA\system\Config\BaseService.php(199): CodeIgniter\Config\BaseService::__callStatic('request', Array)
#15 C:\xampp\htdocs\Turing-IA\system\Config\Services.php(559): CodeIgniter\Config\BaseService::getSharedInstance('request', Object(Config\App))
#16 C:\xampp\htdocs\Turing-IA\system\Config\BaseService.php(258): CodeIgniter\Config\Services::incomingrequest(Object(Config\App))
#17 C:\xampp\htdocs\Turing-IA\system\Config\Services.php(539): CodeIgniter\Config\BaseService::__callStatic('incomingrequest', Array)
#18 C:\xampp\htdocs\Turing-IA\system\Config\BaseService.php(258): CodeIgniter\Config\Services::createRequest(Object(Config\App))
#19 C:\xampp\htdocs\Turing-IA\system\CodeIgniter.php(655): CodeIgniter\Config\BaseService::__callStatic('createRequest', Array)
#20 C:\xampp\htdocs\Turing-IA\system\CodeIgniter.php(355): CodeIgniter\CodeIgniter->getRequestObject()
#21 C:\xampp\htdocs\Turing-IA\public\index.php(79): CodeIgniter\CodeIgniter->run()
#22 {main}
in SYSTEMPATH\HTTP\SiteURI.php on line 195.
 1 [internal function]: CodeIgniter\Debug\Exceptions->shutdownHandler()
INFO - 2024-01-15 18:03:59 --> Session: Class initialized using 'CodeIgniter\Session\Handlers\FileHandler' driver.
INFO - 2024-01-15 18:04:12 --> Session: Class initialized using 'CodeIgniter\Session\Handlers\FileHandler' driver.
INFO - 2024-01-15 18:04:12 --> Session: Class initialized using 'CodeIgniter\Session\Handlers\FileHandler' driver.
INFO - 2024-01-15 18:04:20 --> Session: Class initialized using 'CodeIgniter\Session\Handlers\FileHandler' driver.
INFO - 2024-01-15 18:09:05 --> Session: Class initialized using 'CodeIgniter\Session\Handlers\FileHandler' driver.
INFO - 2024-01-15 18:09:05 --> Session: Class initialized using 'CodeIgniter\Session\Handlers\FileHandler' driver.
INFO - 2024-01-15 18:09:44 --> Session: Class initialized using 'CodeIgniter\Session\Handlers\FileHandler' driver.
INFO - 2024-01-15 18:09:44 --> Session: Class initialized using 'CodeIgniter\Session\Handlers\FileHandler' driver.
INFO - 2024-01-15 18:09:57 --> Session: Class initialized using 'CodeIgniter\Session\Handlers\FileHandler' driver.
INFO - 2024-01-15 18:10:30 --> Session: Class initialized using 'CodeIgniter\Session\Handlers\FileHandler' driver.
INFO - 2024-01-15 18:10:33 --> Session: Class initialized using 'CodeIgniter\Session\Handlers\FileHandler' driver.
INFO - 2024-01-15 18:10:52 --> Session: Class initialized using 'CodeIgniter\Session\Handlers\FileHandler' driver.
INFO - 2024-01-15 18:10:59 --> Session: Class initialized using 'CodeIgniter\Session\Handlers\FileHandler' driver.
INFO - 2024-01-15 18:11:11 --> Session: Class initialized using 'CodeIgniter\Session\Handlers\FileHandler' driver.
ERROR - 2024-01-15 18:11:12 --> mysqli_sql_exception: Unknown column 'pago_nomina.fecha_primer_quincena' in 'field list' in C:\xampp\htdocs\Turing-IA\system\Database\MySQLi\Connection.php:306
Stack trace:
#0 C:\xampp\htdocs\Turing-IA\system\Database\MySQLi\Connection.php(306): mysqli->query('SELECT \r\n      ...', 0)
#1 C:\xampp\htdocs\Turing-IA\system\Database\BaseConnection.php(693): CodeIgniter\Database\MySQLi\Connection->execute('SELECT \r\n      ...')
#2 C:\xampp\htdocs\Turing-IA\system\Database\BaseConnection.php(607): CodeIgniter\Database\BaseConnection->simpleQuery('SELECT \r\n      ...')
#3 C:\xampp\htdocs\Turing-IA\app\Models\NominaModel.php(572): CodeIgniter\Database\BaseConnection->query('SELECT \r\n      ...')
#4 C:\xampp\htdocs\Turing-IA\app\Controllers\NominaController.php(553): App\Models\NominaModel->getRecibos()
#5 C:\xampp\htdocs\Turing-IA\system\CodeIgniter.php(942): App\Controllers\NominaController->receipts()
#6 C:\xampp\htdocs\Turing-IA\system\CodeIgniter.php(502): CodeIgniter\CodeIgniter->runController(Object(App\Controllers\NominaController))
#7 C:\xampp\htdocs\Turing-IA\system\CodeIgniter.php(361): CodeIgniter\CodeIgniter->handleRequest(NULL, Object(Config\Cache), false)
#8 C:\xampp\htdocs\Turing-IA\public\index.php(79): CodeIgniter\CodeIgniter->run()
#9 {main}
CRITICAL - 2024-01-15 18:11:12 --> Unknown column 'pago_nomina.fecha_primer_quincena' in 'field list'
in SYSTEMPATH\Database\BaseConnection.php on line 647.
 1 APPPATH\Models\NominaModel.php(572): CodeIgniter\Database\BaseConnection->query('SELECT 
        pago_nomina.id as id_periodo,  
        nominas.id as id_nomina, 
        colaboradores.nombre, 
        colaboradores.apellido_paterno, 
        colaboradores.apellido_materno, 
        nominas.nombre_banco, 
        nominas.clabe_interbancaria, 
        nominas.pago_mensual_base, 
        nominas.pago_quincenal, 
        nominas.sueldo_diario, 
        pago_nomina.fecha_inicio_quincena, 
        pago_nomina.fecha_fin_quincena,
        pago_nomina.fecha_primer_quincena, 
        pago_nomina.dias_trabajados, 
        pago_nomina.sueldo_final,
        pago_nomina.firmado,
        pagos_extras.home_office,
        pagos_extras.pago_dia_extra,
        pagos_extras.pago_bono_extra,
        pagos_extras.comision_extra,
        SUM(pago_nomina.sueldo_final + IFNULL(pagos_extras.home_office, 0) 
        + IFNULL(pagos_extras.pago_dia_extra, 0) 
        + IFNULL(pagos_extras.pago_bono_extra, 0) 
        + IFNULL(pagos_extras.comision_extra, 0)) 
        AS sueldo_final_total,
        SUM( nominas.pago_quincenal
        + IFNULL(pagos_extras.home_office, 0)/2
        + IFNULL(pagos_extras.pago_dia_extra, 0) / 2  -- Divide entre dos
        + IFNULL(pagos_extras.pago_bono_extra, 0) / 2  -- Divide entre dos
        + IFNULL(pagos_extras.comision_extra, 0) / 2  -- Divide entre dos
        ) AS sueldo_quincenal_total
        FROM nominas 
        INNER JOIN colaboradores ON colaboradores.id = nominas.id_usuario 
        INNER JOIN pago_nomina ON pago_nomina.id_nomina = nominas.id 
        INNER JOIN areas ON areas.id_usuario = colaboradores.id 
        LEFT JOIN pagos_extras ON pagos_extras.id_nomina = nominas.id
        WHERE pago_nomina.firmado = "SI"
        GROUP BY 
        pago_nomina.id, nominas.id, colaboradores.nombre, areas.descripcion, areas.puesto, nominas.nombre_banco, nominas.clabe_interbancaria, nominas.fecha_inicio_colab, nominas.pago_mensual_base, nominas.pago_quincenal, nominas.sueldo_diario, pago_nomina.fecha_inicio_quincena, pago_nomina.fecha_fin_quincena, pago_nomina.fecha_primer_quincena, pago_nomina.dias_trabajados
          ORDER BY  pago_nomina.fecha_inicio_quincena DESC')
 2 APPPATH\Controllers\NominaController.php(553): App\Models\NominaModel->getRecibos()
 3 SYSTEMPATH\CodeIgniter.php(942): App\Controllers\NominaController->receipts()
 4 SYSTEMPATH\CodeIgniter.php(502): CodeIgniter\CodeIgniter->runController(Object(App\Controllers\NominaController))
 5 SYSTEMPATH\CodeIgniter.php(361): CodeIgniter\CodeIgniter->handleRequest(null, Object(Config\Cache), false)
 6 FCPATH\index.php(79): CodeIgniter\CodeIgniter->run()
INFO - 2024-01-15 18:11:22 --> Session: Class initialized using 'CodeIgniter\Session\Handlers\FileHandler' driver.
INFO - 2024-01-15 18:11:29 --> Session: Class initialized using 'CodeIgniter\Session\Handlers\FileHandler' driver.
INFO - 2024-01-15 18:12:35 --> Session: Class initialized using 'CodeIgniter\Session\Handlers\FileHandler' driver.
INFO - 2024-01-15 18:12:36 --> Session: Class initialized using 'CodeIgniter\Session\Handlers\FileHandler' driver.
INFO - 2024-01-15 18:12:38 --> Session: Class initialized using 'CodeIgniter\Session\Handlers\FileHandler' driver.
INFO - 2024-01-15 18:12:48 --> Session: Class initialized using 'CodeIgniter\Session\Handlers\FileHandler' driver.
INFO - 2024-01-15 18:12:55 --> Session: Class initialized using 'CodeIgniter\Session\Handlers\FileHandler' driver.
INFO - 2024-01-15 18:13:13 --> Session: Class initialized using 'CodeIgniter\Session\Handlers\FileHandler' driver.
INFO - 2024-01-15 18:13:17 --> Session: Class initialized using 'CodeIgniter\Session\Handlers\FileHandler' driver.
INFO - 2024-01-15 18:13:24 --> Session: Class initialized using 'CodeIgniter\Session\Handlers\FileHandler' driver.
INFO - 2024-01-15 18:13:48 --> Session: Class initialized using 'CodeIgniter\Session\Handlers\FileHandler' driver.
INFO - 2024-01-15 18:13:50 --> Session: Class initialized using 'CodeIgniter\Session\Handlers\FileHandler' driver.
INFO - 2024-01-15 18:13:52 --> Session: Class initialized using 'CodeIgniter\Session\Handlers\FileHandler' driver.
INFO - 2024-01-15 18:13:54 --> Session: Class initialized using 'CodeIgniter\Session\Handlers\FileHandler' driver.
INFO - 2024-01-15 18:13:55 --> Session: Class initialized using 'CodeIgniter\Session\Handlers\FileHandler' driver.
INFO - 2024-01-15 18:13:59 --> Session: Class initialized using 'CodeIgniter\Session\Handlers\FileHandler' driver.
INFO - 2024-01-15 18:14:27 --> Session: Class initialized using 'CodeIgniter\Session\Handlers\FileHandler' driver.
INFO - 2024-01-15 18:14:30 --> Session: Class initialized using 'CodeIgniter\Session\Handlers\FileHandler' driver.
INFO - 2024-01-15 18:14:36 --> Session: Class initialized using 'CodeIgniter\Session\Handlers\FileHandler' driver.
INFO - 2024-01-15 18:14:36 --> Session: Class initialized using 'CodeIgniter\Session\Handlers\FileHandler' driver.
INFO - 2024-01-15 18:14:41 --> Session: Class initialized using 'CodeIgniter\Session\Handlers\FileHandler' driver.
INFO - 2024-01-15 18:14:52 --> Session: Class initialized using 'CodeIgniter\Session\Handlers\FileHandler' driver.
INFO - 2024-01-15 18:14:54 --> Session: Class initialized using 'CodeIgniter\Session\Handlers\FileHandler' driver.
INFO - 2024-01-15 18:15:21 --> Session: Class initialized using 'CodeIgniter\Session\Handlers\FileHandler' driver.
INFO - 2024-01-15 18:15:50 --> Session: Class initialized using 'CodeIgniter\Session\Handlers\FileHandler' driver.
INFO - 2024-01-15 18:16:40 --> Session: Class initialized using 'CodeIgniter\Session\Handlers\FileHandler' driver.
INFO - 2024-01-15 18:17:15 --> Session: Class initialized using 'CodeIgniter\Session\Handlers\FileHandler' driver.
INFO - 2024-01-15 18:17:15 --> Session: Class initialized using 'CodeIgniter\Session\Handlers\FileHandler' driver.
