INFO - 2024-01-29 15:21:24 --> Session: Class initialized using 'CodeIgniter\Session\Handlers\FileHandler' driver.
INFO - 2024-01-29 15:21:37 --> Session: Class initialized using 'CodeIgniter\Session\Handlers\FileHandler' driver.
INFO - 2024-01-29 15:21:37 --> Session: Class initialized using 'CodeIgniter\Session\Handlers\FileHandler' driver.
INFO - 2024-01-29 15:26:17 --> Session: Class initialized using 'CodeIgniter\Session\Handlers\FileHandler' driver.
INFO - 2024-01-29 15:26:18 --> Session: Class initialized using 'CodeIgniter\Session\Handlers\FileHandler' driver.
INFO - 2024-01-29 15:26:18 --> Session: Class initialized using 'CodeIgniter\Session\Handlers\FileHandler' driver.
CRITICAL - 2024-01-29 15:26:18 --> Invalid file: "comercial/capitalHumanoGeneral/periodos.php"
in SYSTEMPATH\Exceptions\FrameworkException.php on line 39.
 1 SYSTEMPATH\View\View.php(216): CodeIgniter\Exceptions\FrameworkException::forInvalidFile('comercial/capitalHumanoGeneral/periodos.php')
 2 SYSTEMPATH\Common.php(1190): CodeIgniter\View\View->render('comercial/capitalHumanoGeneral/periodos', [], true)
 3 APPPATH\Controllers\NominaController.php(776): view('comercial/capitalHumanoGeneral/periodos', [...])
 4 SYSTEMPATH\CodeIgniter.php(942): App\Controllers\NominaController->capital()
 5 SYSTEMPATH\CodeIgniter.php(502): CodeIgniter\CodeIgniter->runController(Object(App\Controllers\NominaController))
 6 SYSTEMPATH\CodeIgniter.php(361): CodeIgniter\CodeIgniter->handleRequest(null, Object(Config\Cache), false)
 7 FCPATH\index.php(79): CodeIgniter\CodeIgniter->run()
INFO - 2024-01-29 15:26:20 --> Session: Class initialized using 'CodeIgniter\Session\Handlers\FileHandler' driver.
INFO - 2024-01-29 15:26:21 --> Session: Class initialized using 'CodeIgniter\Session\Handlers\FileHandler' driver.
CRITICAL - 2024-01-29 15:26:21 --> Invalid file: "comercial/capitalHumanoGeneral/periodos.php"
in SYSTEMPATH\Exceptions\FrameworkException.php on line 39.
 1 SYSTEMPATH\View\View.php(216): CodeIgniter\Exceptions\FrameworkException::forInvalidFile('comercial/capitalHumanoGeneral/periodos.php')
 2 SYSTEMPATH\Common.php(1190): CodeIgniter\View\View->render('comercial/capitalHumanoGeneral/periodos', [], true)
 3 APPPATH\Controllers\NominaController.php(776): view('comercial/capitalHumanoGeneral/periodos', [...])
 4 SYSTEMPATH\CodeIgniter.php(942): App\Controllers\NominaController->capital()
 5 SYSTEMPATH\CodeIgniter.php(502): CodeIgniter\CodeIgniter->runController(Object(App\Controllers\NominaController))
 6 SYSTEMPATH\CodeIgniter.php(361): CodeIgniter\CodeIgniter->handleRequest(null, Object(Config\Cache), false)
 7 FCPATH\index.php(79): CodeIgniter\CodeIgniter->run()
INFO - 2024-01-29 15:26:22 --> Session: Class initialized using 'CodeIgniter\Session\Handlers\FileHandler' driver.
INFO - 2024-01-29 15:26:47 --> Session: Class initialized using 'CodeIgniter\Session\Handlers\FileHandler' driver.
CRITICAL - 2024-01-29 15:26:47 --> include(header.php): failed to open stream: No such file or directory
in APPPATH\Views\comercial\capitalHumanoGeneral\nomina\periodos.php on line 1.
 1 APPPATH\Views\comercial\capitalHumanoGeneral\nomina\periodos.php(1): CodeIgniter\Debug\Exceptions->errorHandler(2, 'include(header.php): failed to open stream: No such file or directory', 'C:\\xampp\\htdocs\\Turing-IA\\app\\Views\\comercial\\capitalHumanoGeneral\\nomina\\periodos.php', 1, [...])
 2 APPPATH\Views\comercial\capitalHumanoGeneral\nomina\periodos.php(1): include()
 3 SYSTEMPATH\View\View.php(228): include('C:\\xampp\\htdocs\\Turing-IA\\app\\Views\\comercial\\capitalHumanoGeneral\\nomina\\periodos.php')
 4 SYSTEMPATH\View\View.php(231): CodeIgniter\View\View->CodeIgniter\View\{closure}()
 5 SYSTEMPATH\Common.php(1190): CodeIgniter\View\View->render('comercial/capitalHumanoGeneral/nomina/periodos', [], true)
 6 APPPATH\Controllers\NominaController.php(776): view('comercial/capitalHumanoGeneral/nomina/periodos', [...])
 7 SYSTEMPATH\CodeIgniter.php(942): App\Controllers\NominaController->capital()
 8 SYSTEMPATH\CodeIgniter.php(502): CodeIgniter\CodeIgniter->runController(Object(App\Controllers\NominaController))
 9 SYSTEMPATH\CodeIgniter.php(361): CodeIgniter\CodeIgniter->handleRequest(null, Object(Config\Cache), false)
10 FCPATH\index.php(79): CodeIgniter\CodeIgniter->run()
INFO - 2024-01-29 15:26:48 --> Session: Class initialized using 'CodeIgniter\Session\Handlers\FileHandler' driver.
INFO - 2024-01-29 15:26:49 --> Session: Class initialized using 'CodeIgniter\Session\Handlers\FileHandler' driver.
INFO - 2024-01-29 15:26:50 --> Session: Class initialized using 'CodeIgniter\Session\Handlers\FileHandler' driver.
CRITICAL - 2024-01-29 15:26:50 --> include(header.php): failed to open stream: No such file or directory
in APPPATH\Views\comercial\capitalHumanoGeneral\nomina\periodos.php on line 1.
 1 APPPATH\Views\comercial\capitalHumanoGeneral\nomina\periodos.php(1): CodeIgniter\Debug\Exceptions->errorHandler(2, 'include(header.php): failed to open stream: No such file or directory', 'C:\\xampp\\htdocs\\Turing-IA\\app\\Views\\comercial\\capitalHumanoGeneral\\nomina\\periodos.php', 1, [...])
 2 APPPATH\Views\comercial\capitalHumanoGeneral\nomina\periodos.php(1): include()
 3 SYSTEMPATH\View\View.php(228): include('C:\\xampp\\htdocs\\Turing-IA\\app\\Views\\comercial\\capitalHumanoGeneral\\nomina\\periodos.php')
 4 SYSTEMPATH\View\View.php(231): CodeIgniter\View\View->CodeIgniter\View\{closure}()
 5 SYSTEMPATH\Common.php(1190): CodeIgniter\View\View->render('comercial/capitalHumanoGeneral/nomina/periodos', [], true)
 6 APPPATH\Controllers\NominaController.php(776): view('comercial/capitalHumanoGeneral/nomina/periodos', [...])
 7 SYSTEMPATH\CodeIgniter.php(942): App\Controllers\NominaController->capital()
 8 SYSTEMPATH\CodeIgniter.php(502): CodeIgniter\CodeIgniter->runController(Object(App\Controllers\NominaController))
 9 SYSTEMPATH\CodeIgniter.php(361): CodeIgniter\CodeIgniter->handleRequest(null, Object(Config\Cache), false)
10 FCPATH\index.php(79): CodeIgniter\CodeIgniter->run()
INFO - 2024-01-29 15:26:51 --> Session: Class initialized using 'CodeIgniter\Session\Handlers\FileHandler' driver.
INFO - 2024-01-29 15:26:52 --> Session: Class initialized using 'CodeIgniter\Session\Handlers\FileHandler' driver.
CRITICAL - 2024-01-29 15:26:52 --> include(header.php): failed to open stream: No such file or directory
in APPPATH\Views\comercial\capitalHumanoGeneral\nomina\periodos.php on line 1.
 1 APPPATH\Views\comercial\capitalHumanoGeneral\nomina\periodos.php(1): CodeIgniter\Debug\Exceptions->errorHandler(2, 'include(header.php): failed to open stream: No such file or directory', 'C:\\xampp\\htdocs\\Turing-IA\\app\\Views\\comercial\\capitalHumanoGeneral\\nomina\\periodos.php', 1, [...])
 2 APPPATH\Views\comercial\capitalHumanoGeneral\nomina\periodos.php(1): include()
 3 SYSTEMPATH\View\View.php(228): include('C:\\xampp\\htdocs\\Turing-IA\\app\\Views\\comercial\\capitalHumanoGeneral\\nomina\\periodos.php')
 4 SYSTEMPATH\View\View.php(231): CodeIgniter\View\View->CodeIgniter\View\{closure}()
 5 SYSTEMPATH\Common.php(1190): CodeIgniter\View\View->render('comercial/capitalHumanoGeneral/nomina/periodos', [], true)
 6 APPPATH\Controllers\NominaController.php(776): view('comercial/capitalHumanoGeneral/nomina/periodos', [...])
 7 SYSTEMPATH\CodeIgniter.php(942): App\Controllers\NominaController->capital()
 8 SYSTEMPATH\CodeIgniter.php(502): CodeIgniter\CodeIgniter->runController(Object(App\Controllers\NominaController))
 9 SYSTEMPATH\CodeIgniter.php(361): CodeIgniter\CodeIgniter->handleRequest(null, Object(Config\Cache), false)
10 FCPATH\index.php(79): CodeIgniter\CodeIgniter->run()
INFO - 2024-01-29 15:27:08 --> Session: Class initialized using 'CodeIgniter\Session\Handlers\FileHandler' driver.
INFO - 2024-01-29 15:27:10 --> Session: Class initialized using 'CodeIgniter\Session\Handlers\FileHandler' driver.
INFO - 2024-01-29 15:27:11 --> Session: Class initialized using 'CodeIgniter\Session\Handlers\FileHandler' driver.
CRITICAL - 2024-01-29 15:27:11 --> include(header.php): failed to open stream: No such file or directory
in APPPATH\Views\comercial\capitalHumanoGeneral\nomina\periodos.php on line 1.
 1 APPPATH\Views\comercial\capitalHumanoGeneral\nomina\periodos.php(1): CodeIgniter\Debug\Exceptions->errorHandler(2, 'include(header.php): failed to open stream: No such file or directory', 'C:\\xampp\\htdocs\\Turing-IA\\app\\Views\\comercial\\capitalHumanoGeneral\\nomina\\periodos.php', 1, [...])
 2 APPPATH\Views\comercial\capitalHumanoGeneral\nomina\periodos.php(1): include()
 3 SYSTEMPATH\View\View.php(228): include('C:\\xampp\\htdocs\\Turing-IA\\app\\Views\\comercial\\capitalHumanoGeneral\\nomina\\periodos.php')
 4 SYSTEMPATH\View\View.php(231): CodeIgniter\View\View->CodeIgniter\View\{closure}()
 5 SYSTEMPATH\Common.php(1190): CodeIgniter\View\View->render('comercial/capitalHumanoGeneral/nomina/periodos', [], true)
 6 APPPATH\Controllers\NominaController.php(776): view('comercial/capitalHumanoGeneral/nomina/periodos', [...])
 7 SYSTEMPATH\CodeIgniter.php(942): App\Controllers\NominaController->capital()
 8 SYSTEMPATH\CodeIgniter.php(502): CodeIgniter\CodeIgniter->runController(Object(App\Controllers\NominaController))
 9 SYSTEMPATH\CodeIgniter.php(361): CodeIgniter\CodeIgniter->handleRequest(null, Object(Config\Cache), false)
10 FCPATH\index.php(79): CodeIgniter\CodeIgniter->run()
INFO - 2024-01-29 15:28:10 --> Session: Class initialized using 'CodeIgniter\Session\Handlers\FileHandler' driver.
CRITICAL - 2024-01-29 15:28:10 --> Invalid file: "capitalHumanoGeneral/header.php"
in SYSTEMPATH\Exceptions\FrameworkException.php on line 39.
 1 SYSTEMPATH\View\View.php(216): CodeIgniter\Exceptions\FrameworkException::forInvalidFile('capitalHumanoGeneral/header.php')
 2 SYSTEMPATH\View\View.php(469): CodeIgniter\View\View->render('capitalHumanoGeneral/header', null, true)
 3 APPPATH\Views\comercial\capitalHumanoGeneral\nomina\periodos.php(1): CodeIgniter\View\View->include('capitalHumanoGeneral/header')
 4 SYSTEMPATH\View\View.php(228): include('C:\\xampp\\htdocs\\Turing-IA\\app\\Views\\comercial\\capitalHumanoGeneral\\nomina\\periodos.php')
 5 SYSTEMPATH\View\View.php(231): CodeIgniter\View\View->CodeIgniter\View\{closure}()
 6 SYSTEMPATH\Common.php(1190): CodeIgniter\View\View->render('comercial/capitalHumanoGeneral/nomina/periodos', [], true)
 7 APPPATH\Controllers\NominaController.php(776): view('comercial/capitalHumanoGeneral/nomina/periodos', [...])
 8 SYSTEMPATH\CodeIgniter.php(942): App\Controllers\NominaController->capital()
 9 SYSTEMPATH\CodeIgniter.php(502): CodeIgniter\CodeIgniter->runController(Object(App\Controllers\NominaController))
10 SYSTEMPATH\CodeIgniter.php(361): CodeIgniter\CodeIgniter->handleRequest(null, Object(Config\Cache), false)
11 FCPATH\index.php(79): CodeIgniter\CodeIgniter->run()
INFO - 2024-01-29 15:28:23 --> Session: Class initialized using 'CodeIgniter\Session\Handlers\FileHandler' driver.
CRITICAL - 2024-01-29 15:28:23 --> Invalid file: "capitalHumanoGeneral/header.php"
in SYSTEMPATH\Exceptions\FrameworkException.php on line 39.
 1 SYSTEMPATH\View\View.php(216): CodeIgniter\Exceptions\FrameworkException::forInvalidFile('capitalHumanoGeneral/header.php')
 2 SYSTEMPATH\View\View.php(469): CodeIgniter\View\View->render('capitalHumanoGeneral/header', null, true)
 3 APPPATH\Views\comercial\capitalHumanoGeneral\nomina\periodos.php(1): CodeIgniter\View\View->include('capitalHumanoGeneral/header')
 4 SYSTEMPATH\View\View.php(228): include('C:\\xampp\\htdocs\\Turing-IA\\app\\Views\\comercial\\capitalHumanoGeneral\\nomina\\periodos.php')
 5 SYSTEMPATH\View\View.php(231): CodeIgniter\View\View->CodeIgniter\View\{closure}()
 6 SYSTEMPATH\Common.php(1190): CodeIgniter\View\View->render('comercial/capitalHumanoGeneral/nomina/periodos', [], true)
 7 APPPATH\Controllers\NominaController.php(776): view('comercial/capitalHumanoGeneral/nomina/periodos', [...])
 8 SYSTEMPATH\CodeIgniter.php(942): App\Controllers\NominaController->capital()
 9 SYSTEMPATH\CodeIgniter.php(502): CodeIgniter\CodeIgniter->runController(Object(App\Controllers\NominaController))
10 SYSTEMPATH\CodeIgniter.php(361): CodeIgniter\CodeIgniter->handleRequest(null, Object(Config\Cache), false)
11 FCPATH\index.php(79): CodeIgniter\CodeIgniter->run()
INFO - 2024-01-29 15:28:24 --> Session: Class initialized using 'CodeIgniter\Session\Handlers\FileHandler' driver.
CRITICAL - 2024-01-29 15:28:24 --> Invalid file: "capitalHumanoGeneral/header.php"
in SYSTEMPATH\Exceptions\FrameworkException.php on line 39.
 1 SYSTEMPATH\View\View.php(216): CodeIgniter\Exceptions\FrameworkException::forInvalidFile('capitalHumanoGeneral/header.php')
 2 SYSTEMPATH\View\View.php(469): CodeIgniter\View\View->render('capitalHumanoGeneral/header', null, true)
 3 APPPATH\Views\comercial\capitalHumanoGeneral\nomina\periodos.php(1): CodeIgniter\View\View->include('capitalHumanoGeneral/header')
 4 SYSTEMPATH\View\View.php(228): include('C:\\xampp\\htdocs\\Turing-IA\\app\\Views\\comercial\\capitalHumanoGeneral\\nomina\\periodos.php')
 5 SYSTEMPATH\View\View.php(231): CodeIgniter\View\View->CodeIgniter\View\{closure}()
 6 SYSTEMPATH\Common.php(1190): CodeIgniter\View\View->render('comercial/capitalHumanoGeneral/nomina/periodos', [], true)
 7 APPPATH\Controllers\NominaController.php(776): view('comercial/capitalHumanoGeneral/nomina/periodos', [...])
 8 SYSTEMPATH\CodeIgniter.php(942): App\Controllers\NominaController->capital()
 9 SYSTEMPATH\CodeIgniter.php(502): CodeIgniter\CodeIgniter->runController(Object(App\Controllers\NominaController))
10 SYSTEMPATH\CodeIgniter.php(361): CodeIgniter\CodeIgniter->handleRequest(null, Object(Config\Cache), false)
11 FCPATH\index.php(79): CodeIgniter\CodeIgniter->run()
INFO - 2024-01-29 15:28:42 --> Session: Class initialized using 'CodeIgniter\Session\Handlers\FileHandler' driver.
INFO - 2024-01-29 15:28:45 --> Session: Class initialized using 'CodeIgniter\Session\Handlers\FileHandler' driver.
CRITICAL - 2024-01-29 15:28:45 --> Invalid file: "comercial/capitalHumanoGeneral/nomina.php"
in SYSTEMPATH\Exceptions\FrameworkException.php on line 39.
 1 SYSTEMPATH\View\View.php(216): CodeIgniter\Exceptions\FrameworkException::forInvalidFile('comercial/capitalHumanoGeneral/nomina.php')
 2 SYSTEMPATH\Common.php(1190): CodeIgniter\View\View->render('comercial/capitalHumanoGeneral/nomina', [], true)
 3 APPPATH\Controllers\NominaController.php(791): view('comercial/capitalHumanoGeneral/nomina', [...])
 4 SYSTEMPATH\CodeIgniter.php(942): App\Controllers\NominaController->accept([...], 'enero', 'NO', '2024-01-16', '2024-01-31')
 5 SYSTEMPATH\CodeIgniter.php(502): CodeIgniter\CodeIgniter->runController(Object(App\Controllers\NominaController))
 6 SYSTEMPATH\CodeIgniter.php(361): CodeIgniter\CodeIgniter->handleRequest(null, Object(Config\Cache), false)
 7 FCPATH\index.php(79): CodeIgniter\CodeIgniter->run()
INFO - 2024-01-29 15:28:46 --> Session: Class initialized using 'CodeIgniter\Session\Handlers\FileHandler' driver.
INFO - 2024-01-29 15:29:02 --> Session: Class initialized using 'CodeIgniter\Session\Handlers\FileHandler' driver.
INFO - 2024-01-29 15:30:16 --> Session: Class initialized using 'CodeIgniter\Session\Handlers\FileHandler' driver.
INFO - 2024-01-29 15:30:20 --> Session: Class initialized using 'CodeIgniter\Session\Handlers\FileHandler' driver.
CRITICAL - 2024-01-29 15:30:20 --> Invalid file: "comercial/capitalHumanoGeneral/nomina.php"
in SYSTEMPATH\Exceptions\FrameworkException.php on line 39.
 1 SYSTEMPATH\View\View.php(216): CodeIgniter\Exceptions\FrameworkException::forInvalidFile('comercial/capitalHumanoGeneral/nomina.php')
 2 SYSTEMPATH\Common.php(1190): CodeIgniter\View\View->render('comercial/capitalHumanoGeneral/nomina', [], true)
 3 APPPATH\Controllers\NominaController.php(791): view('comercial/capitalHumanoGeneral/nomina', [...])
 4 SYSTEMPATH\CodeIgniter.php(942): App\Controllers\NominaController->accept([...], 'enero', 'NO', '2024-01-16', '2024-01-31')
 5 SYSTEMPATH\CodeIgniter.php(502): CodeIgniter\CodeIgniter->runController(Object(App\Controllers\NominaController))
 6 SYSTEMPATH\CodeIgniter.php(361): CodeIgniter\CodeIgniter->handleRequest(null, Object(Config\Cache), false)
 7 FCPATH\index.php(79): CodeIgniter\CodeIgniter->run()
INFO - 2024-01-29 15:30:38 --> Session: Class initialized using 'CodeIgniter\Session\Handlers\FileHandler' driver.
INFO - 2024-01-29 15:30:40 --> Session: Class initialized using 'CodeIgniter\Session\Handlers\FileHandler' driver.
CRITICAL - 2024-01-29 15:30:40 --> Invalid file: "comercial/capitalHumanoGeneral/firma.php"
in SYSTEMPATH\Exceptions\FrameworkException.php on line 39.
 1 SYSTEMPATH\View\View.php(216): CodeIgniter\Exceptions\FrameworkException::forInvalidFile('comercial/capitalHumanoGeneral/firma.php')
 2 SYSTEMPATH\Common.php(1190): CodeIgniter\View\View->render('comercial/capitalHumanoGeneral/firma', [], true)
 3 APPPATH\Controllers\NominaController.php(802): view('comercial/capitalHumanoGeneral/firma', [...])
 4 SYSTEMPATH\CodeIgniter.php(942): App\Controllers\NominaController->data('2024', 'enero', 'Santander', 'NO', '2024-01-16', '2024-01-31')
 5 SYSTEMPATH\CodeIgniter.php(502): CodeIgniter\CodeIgniter->runController(Object(App\Controllers\NominaController))
 6 SYSTEMPATH\CodeIgniter.php(361): CodeIgniter\CodeIgniter->handleRequest(null, Object(Config\Cache), false)
 7 FCPATH\index.php(79): CodeIgniter\CodeIgniter->run()
INFO - 2024-01-29 15:30:50 --> Session: Class initialized using 'CodeIgniter\Session\Handlers\FileHandler' driver.
INFO - 2024-01-29 15:30:53 --> Session: Class initialized using 'CodeIgniter\Session\Handlers\FileHandler' driver.
INFO - 2024-01-29 15:30:53 --> Session: Class initialized using 'CodeIgniter\Session\Handlers\FileHandler' driver.
INFO - 2024-01-29 15:31:17 --> Session: Class initialized using 'CodeIgniter\Session\Handlers\FileHandler' driver.
INFO - 2024-01-29 15:31:46 --> Session: Class initialized using 'CodeIgniter\Session\Handlers\FileHandler' driver.
INFO - 2024-01-29 15:32:02 --> Session: Class initialized using 'CodeIgniter\Session\Handlers\FileHandler' driver.
INFO - 2024-01-29 15:32:06 --> Session: Class initialized using 'CodeIgniter\Session\Handlers\FileHandler' driver.
INFO - 2024-01-29 15:32:08 --> Session: Class initialized using 'CodeIgniter\Session\Handlers\FileHandler' driver.
INFO - 2024-01-29 15:32:10 --> Session: Class initialized using 'CodeIgniter\Session\Handlers\FileHandler' driver.
INFO - 2024-01-29 15:32:11 --> Session: Class initialized using 'CodeIgniter\Session\Handlers\FileHandler' driver.
INFO - 2024-01-29 15:32:13 --> Session: Class initialized using 'CodeIgniter\Session\Handlers\FileHandler' driver.
INFO - 2024-01-29 15:32:20 --> Session: Class initialized using 'CodeIgniter\Session\Handlers\FileHandler' driver.
INFO - 2024-01-29 15:32:21 --> Session: Class initialized using 'CodeIgniter\Session\Handlers\FileHandler' driver.
INFO - 2024-01-29 15:32:22 --> Session: Class initialized using 'CodeIgniter\Session\Handlers\FileHandler' driver.
INFO - 2024-01-29 15:35:00 --> Session: Class initialized using 'CodeIgniter\Session\Handlers\FileHandler' driver.
INFO - 2024-01-29 15:35:03 --> Session: Class initialized using 'CodeIgniter\Session\Handlers\FileHandler' driver.
INFO - 2024-01-29 15:35:03 --> Session: Class initialized using 'CodeIgniter\Session\Handlers\FileHandler' driver.
INFO - 2024-01-29 15:35:11 --> Session: Class initialized using 'CodeIgniter\Session\Handlers\FileHandler' driver.
INFO - 2024-01-29 15:35:11 --> Session: Class initialized using 'CodeIgniter\Session\Handlers\FileHandler' driver.
INFO - 2024-01-29 15:35:14 --> Session: Class initialized using 'CodeIgniter\Session\Handlers\FileHandler' driver.
INFO - 2024-01-29 15:35:22 --> Session: Class initialized using 'CodeIgniter\Session\Handlers\FileHandler' driver.
INFO - 2024-01-29 15:35:51 --> Session: Class initialized using 'CodeIgniter\Session\Handlers\FileHandler' driver.
INFO - 2024-01-29 15:35:55 --> Session: Class initialized using 'CodeIgniter\Session\Handlers\FileHandler' driver.
INFO - 2024-01-29 15:35:55 --> Session: Class initialized using 'CodeIgniter\Session\Handlers\FileHandler' driver.
INFO - 2024-01-29 15:36:01 --> Session: Class initialized using 'CodeIgniter\Session\Handlers\FileHandler' driver.
INFO - 2024-01-29 15:36:01 --> Session: Class initialized using 'CodeIgniter\Session\Handlers\FileHandler' driver.
INFO - 2024-01-29 15:36:09 --> Session: Class initialized using 'CodeIgniter\Session\Handlers\FileHandler' driver.
CRITICAL - 2024-01-29 15:36:09 --> Invalid file: "comercial/administracionGeneral/colaborators/vistaColabs.php"
in SYSTEMPATH\Exceptions\FrameworkException.php on line 39.
 1 SYSTEMPATH\View\View.php(216): CodeIgniter\Exceptions\FrameworkException::forInvalidFile('comercial/administracionGeneral/colaborators/vistaColabs.php')
 2 SYSTEMPATH\Common.php(1190): CodeIgniter\View\View->render('comercial/administracionGeneral/colaborators/vistaColabs', [], true)
 3 APPPATH\Controllers\ColaboratorsController.php(162): view('comercial/administracionGeneral/colaborators/vistaColabs', [...])
 4 SYSTEMPATH\CodeIgniter.php(942): App\Controllers\ColaboratorsController->people()
 5 SYSTEMPATH\CodeIgniter.php(502): CodeIgniter\CodeIgniter->runController(Object(App\Controllers\ColaboratorsController))
 6 SYSTEMPATH\CodeIgniter.php(361): CodeIgniter\CodeIgniter->handleRequest(null, Object(Config\Cache), false)
 7 FCPATH\index.php(79): CodeIgniter\CodeIgniter->run()
INFO - 2024-01-29 15:36:10 --> Session: Class initialized using 'CodeIgniter\Session\Handlers\FileHandler' driver.
INFO - 2024-01-29 15:36:12 --> Session: Class initialized using 'CodeIgniter\Session\Handlers\FileHandler' driver.
CRITICAL - 2024-01-29 15:36:12 --> Invalid file: "comercial/administracionGeneral/colaborators/index.php"
in SYSTEMPATH\Exceptions\FrameworkException.php on line 39.
 1 SYSTEMPATH\View\View.php(216): CodeIgniter\Exceptions\FrameworkException::forInvalidFile('comercial/administracionGeneral/colaborators/index.php')
 2 SYSTEMPATH\Common.php(1190): CodeIgniter\View\View->render('comercial/administracionGeneral/colaborators/index', [], true)
 3 APPPATH\Controllers\ColaboratorsController.php(30): view('comercial/administracionGeneral/colaborators/index', [...])
 4 SYSTEMPATH\CodeIgniter.php(942): App\Controllers\ColaboratorsController->newcolab()
 5 SYSTEMPATH\CodeIgniter.php(502): CodeIgniter\CodeIgniter->runController(Object(App\Controllers\ColaboratorsController))
 6 SYSTEMPATH\CodeIgniter.php(361): CodeIgniter\CodeIgniter->handleRequest(null, Object(Config\Cache), false)
 7 FCPATH\index.php(79): CodeIgniter\CodeIgniter->run()
INFO - 2024-01-29 15:36:12 --> Session: Class initialized using 'CodeIgniter\Session\Handlers\FileHandler' driver.
INFO - 2024-01-29 15:36:13 --> Session: Class initialized using 'CodeIgniter\Session\Handlers\FileHandler' driver.
CRITICAL - 2024-01-29 15:36:13 --> Invalid file: "comercial/administracionGeneral/nuevaNomina.php"
in SYSTEMPATH\Exceptions\FrameworkException.php on line 39.
 1 SYSTEMPATH\View\View.php(216): CodeIgniter\Exceptions\FrameworkException::forInvalidFile('comercial/administracionGeneral/nuevaNomina.php')
 2 SYSTEMPATH\Common.php(1190): CodeIgniter\View\View->render('comercial/administracionGeneral/nuevaNomina', [], true)
 3 APPPATH\Controllers\NominaController.php(60): view('comercial/administracionGeneral/nuevaNomina', [...])
 4 SYSTEMPATH\CodeIgniter.php(942): App\Controllers\NominaController->newboard()
 5 SYSTEMPATH\CodeIgniter.php(502): CodeIgniter\CodeIgniter->runController(Object(App\Controllers\NominaController))
 6 SYSTEMPATH\CodeIgniter.php(361): CodeIgniter\CodeIgniter->handleRequest(null, Object(Config\Cache), false)
 7 FCPATH\index.php(79): CodeIgniter\CodeIgniter->run()
INFO - 2024-01-29 15:36:14 --> Session: Class initialized using 'CodeIgniter\Session\Handlers\FileHandler' driver.
INFO - 2024-01-29 15:38:31 --> Session: Class initialized using 'CodeIgniter\Session\Handlers\FileHandler' driver.
INFO - 2024-01-29 15:38:33 --> Session: Class initialized using 'CodeIgniter\Session\Handlers\FileHandler' driver.
CRITICAL - 2024-01-29 15:38:33 --> Invalid file: "comercial/administracionGeneral/nuevaNomina.php"
in SYSTEMPATH\Exceptions\FrameworkException.php on line 39.
 1 SYSTEMPATH\View\View.php(216): CodeIgniter\Exceptions\FrameworkException::forInvalidFile('comercial/administracionGeneral/nuevaNomina.php')
 2 SYSTEMPATH\Common.php(1190): CodeIgniter\View\View->render('comercial/administracionGeneral/nuevaNomina', [], true)
 3 APPPATH\Controllers\NominaController.php(60): view('comercial/administracionGeneral/nuevaNomina', [...])
 4 SYSTEMPATH\CodeIgniter.php(942): App\Controllers\NominaController->newboard()
 5 SYSTEMPATH\CodeIgniter.php(502): CodeIgniter\CodeIgniter->runController(Object(App\Controllers\NominaController))
 6 SYSTEMPATH\CodeIgniter.php(361): CodeIgniter\CodeIgniter->handleRequest(null, Object(Config\Cache), false)
 7 FCPATH\index.php(79): CodeIgniter\CodeIgniter->run()
INFO - 2024-01-29 15:38:34 --> Session: Class initialized using 'CodeIgniter\Session\Handlers\FileHandler' driver.
INFO - 2024-01-29 15:38:56 --> Session: Class initialized using 'CodeIgniter\Session\Handlers\FileHandler' driver.
CRITICAL - 2024-01-29 15:38:56 --> Invalid file: "comercial/administracionGeneral/nuevaNomina.php"
in SYSTEMPATH\Exceptions\FrameworkException.php on line 39.
 1 SYSTEMPATH\View\View.php(216): CodeIgniter\Exceptions\FrameworkException::forInvalidFile('comercial/administracionGeneral/nuevaNomina.php')
 2 SYSTEMPATH\Common.php(1190): CodeIgniter\View\View->render('comercial/administracionGeneral/nuevaNomina', [], true)
 3 APPPATH\Controllers\NominaController.php(60): view('comercial/administracionGeneral/nuevaNomina', [...])
 4 SYSTEMPATH\CodeIgniter.php(942): App\Controllers\NominaController->newboard()
 5 SYSTEMPATH\CodeIgniter.php(502): CodeIgniter\CodeIgniter->runController(Object(App\Controllers\NominaController))
 6 SYSTEMPATH\CodeIgniter.php(361): CodeIgniter\CodeIgniter->handleRequest(null, Object(Config\Cache), false)
 7 FCPATH\index.php(79): CodeIgniter\CodeIgniter->run()
INFO - 2024-01-29 15:39:10 --> Session: Class initialized using 'CodeIgniter\Session\Handlers\FileHandler' driver.
CRITICAL - 2024-01-29 15:39:10 --> include(header.php): failed to open stream: No such file or directory
in APPPATH\Views\comercial\administracionGeneral\nomina\nuevaNomina.php on line 1.
 1 APPPATH\Views\comercial\administracionGeneral\nomina\nuevaNomina.php(1): CodeIgniter\Debug\Exceptions->errorHandler(2, 'include(header.php): failed to open stream: No such file or directory', 'C:\\xampp\\htdocs\\Turing-IA\\app\\Views\\comercial\\administracionGeneral\\nomina\\nuevaNomina.php', 1, [...])
 2 APPPATH\Views\comercial\administracionGeneral\nomina\nuevaNomina.php(1): include()
 3 SYSTEMPATH\View\View.php(228): include('C:\\xampp\\htdocs\\Turing-IA\\app\\Views\\comercial\\administracionGeneral\\nomina\\nuevaNomina.php')
 4 SYSTEMPATH\View\View.php(231): CodeIgniter\View\View->CodeIgniter\View\{closure}()
 5 SYSTEMPATH\Common.php(1190): CodeIgniter\View\View->render('comercial/administracionGeneral/nomina/nuevaNomina', [], true)
 6 APPPATH\Controllers\NominaController.php(60): view('comercial/administracionGeneral/nomina/nuevaNomina', [...])
 7 SYSTEMPATH\CodeIgniter.php(942): App\Controllers\NominaController->newboard()
 8 SYSTEMPATH\CodeIgniter.php(502): CodeIgniter\CodeIgniter->runController(Object(App\Controllers\NominaController))
 9 SYSTEMPATH\CodeIgniter.php(361): CodeIgniter\CodeIgniter->handleRequest(null, Object(Config\Cache), false)
10 FCPATH\index.php(79): CodeIgniter\CodeIgniter->run()
INFO - 2024-01-29 15:40:16 --> Session: Class initialized using 'CodeIgniter\Session\Handlers\FileHandler' driver.
CRITICAL - 2024-01-29 15:40:16 --> include(footer.php): failed to open stream: No such file or directory
in APPPATH\Views\comercial\administracionGeneral\nomina\nuevaNomina.php on line 134.
 1 APPPATH\Views\comercial\administracionGeneral\nomina\nuevaNomina.php(134): CodeIgniter\Debug\Exceptions->errorHandler(2, 'include(footer.php): failed to open stream: No such file or directory', 'C:\\xampp\\htdocs\\Turing-IA\\app\\Views\\comercial\\administracionGeneral\\nomina\\nuevaNomina.php', 134, [...])
 2 APPPATH\Views\comercial\administracionGeneral\nomina\nuevaNomina.php(134): include()
 3 SYSTEMPATH\View\View.php(228): include('C:\\xampp\\htdocs\\Turing-IA\\app\\Views\\comercial\\administracionGeneral\\nomina\\nuevaNomina.php')
 4 SYSTEMPATH\View\View.php(231): CodeIgniter\View\View->CodeIgniter\View\{closure}()
 5 SYSTEMPATH\Common.php(1190): CodeIgniter\View\View->render('comercial/administracionGeneral/nomina/nuevaNomina', [], true)
 6 APPPATH\Controllers\NominaController.php(60): view('comercial/administracionGeneral/nomina/nuevaNomina', [...])
 7 SYSTEMPATH\CodeIgniter.php(942): App\Controllers\NominaController->newboard()
 8 SYSTEMPATH\CodeIgniter.php(502): CodeIgniter\CodeIgniter->runController(Object(App\Controllers\NominaController))
 9 SYSTEMPATH\CodeIgniter.php(361): CodeIgniter\CodeIgniter->handleRequest(null, Object(Config\Cache), false)
10 FCPATH\index.php(79): CodeIgniter\CodeIgniter->run()
INFO - 2024-01-29 15:40:30 --> Session: Class initialized using 'CodeIgniter\Session\Handlers\FileHandler' driver.
INFO - 2024-01-29 15:41:12 --> Session: Class initialized using 'CodeIgniter\Session\Handlers\FileHandler' driver.
INFO - 2024-01-29 15:41:14 --> Session: Class initialized using 'CodeIgniter\Session\Handlers\FileHandler' driver.
CRITICAL - 2024-01-29 15:41:14 --> Invalid file: "comercial/administracionGeneral/nuevoPeriodo.php"
in SYSTEMPATH\Exceptions\FrameworkException.php on line 39.
 1 SYSTEMPATH\View\View.php(216): CodeIgniter\Exceptions\FrameworkException::forInvalidFile('comercial/administracionGeneral/nuevoPeriodo.php')
 2 SYSTEMPATH\Common.php(1190): CodeIgniter\View\View->render('comercial/administracionGeneral/nuevoPeriodo', [], true)
 3 APPPATH\Controllers\NominaController.php(102): view('comercial/administracionGeneral/nuevoPeriodo', [...])
 4 SYSTEMPATH\CodeIgniter.php(942): App\Controllers\NominaController->newperiod()
 5 SYSTEMPATH\CodeIgniter.php(502): CodeIgniter\CodeIgniter->runController(Object(App\Controllers\NominaController))
 6 SYSTEMPATH\CodeIgniter.php(361): CodeIgniter\CodeIgniter->handleRequest(null, Object(Config\Cache), false)
 7 FCPATH\index.php(79): CodeIgniter\CodeIgniter->run()
INFO - 2024-01-29 15:41:15 --> Session: Class initialized using 'CodeIgniter\Session\Handlers\FileHandler' driver.
INFO - 2024-01-29 15:42:10 --> Session: Class initialized using 'CodeIgniter\Session\Handlers\FileHandler' driver.
CRITICAL - 2024-01-29 15:42:10 --> Invalid file: "comercial/administracionGeneral/nuevoPeriodo.php"
in SYSTEMPATH\Exceptions\FrameworkException.php on line 39.
 1 SYSTEMPATH\View\View.php(216): CodeIgniter\Exceptions\FrameworkException::forInvalidFile('comercial/administracionGeneral/nuevoPeriodo.php')
 2 SYSTEMPATH\Common.php(1190): CodeIgniter\View\View->render('comercial/administracionGeneral/nuevoPeriodo', [], true)
 3 APPPATH\Controllers\NominaController.php(102): view('comercial/administracionGeneral/nuevoPeriodo', [...])
 4 SYSTEMPATH\CodeIgniter.php(942): App\Controllers\NominaController->newperiod()
 5 SYSTEMPATH\CodeIgniter.php(502): CodeIgniter\CodeIgniter->runController(Object(App\Controllers\NominaController))
 6 SYSTEMPATH\CodeIgniter.php(361): CodeIgniter\CodeIgniter->handleRequest(null, Object(Config\Cache), false)
 7 FCPATH\index.php(79): CodeIgniter\CodeIgniter->run()
INFO - 2024-01-29 15:42:21 --> Session: Class initialized using 'CodeIgniter\Session\Handlers\FileHandler' driver.
CRITICAL - 2024-01-29 15:42:21 --> include(header.php): failed to open stream: No such file or directory
in APPPATH\Views\comercial\administracionGeneral\nomina\nuevoPeriodo.php on line 1.
 1 APPPATH\Views\comercial\administracionGeneral\nomina\nuevoPeriodo.php(1): CodeIgniter\Debug\Exceptions->errorHandler(2, 'include(header.php): failed to open stream: No such file or directory', 'C:\\xampp\\htdocs\\Turing-IA\\app\\Views\\comercial\\administracionGeneral\\nomina\\nuevoPeriodo.php', 1, [...])
 2 APPPATH\Views\comercial\administracionGeneral\nomina\nuevoPeriodo.php(1): include()
 3 SYSTEMPATH\View\View.php(228): include('C:\\xampp\\htdocs\\Turing-IA\\app\\Views\\comercial\\administracionGeneral\\nomina\\nuevoPeriodo.php')
 4 SYSTEMPATH\View\View.php(231): CodeIgniter\View\View->CodeIgniter\View\{closure}()
 5 SYSTEMPATH\Common.php(1190): CodeIgniter\View\View->render('comercial/administracionGeneral/nomina/nuevoPeriodo', [], true)
 6 APPPATH\Controllers\NominaController.php(102): view('comercial/administracionGeneral/nomina/nuevoPeriodo', [...])
 7 SYSTEMPATH\CodeIgniter.php(942): App\Controllers\NominaController->newperiod()
 8 SYSTEMPATH\CodeIgniter.php(502): CodeIgniter\CodeIgniter->runController(Object(App\Controllers\NominaController))
 9 SYSTEMPATH\CodeIgniter.php(361): CodeIgniter\CodeIgniter->handleRequest(null, Object(Config\Cache), false)
10 FCPATH\index.php(79): CodeIgniter\CodeIgniter->run()
INFO - 2024-01-29 15:42:42 --> Session: Class initialized using 'CodeIgniter\Session\Handlers\FileHandler' driver.
INFO - 2024-01-29 15:42:45 --> Session: Class initialized using 'CodeIgniter\Session\Handlers\FileHandler' driver.
CRITICAL - 2024-01-29 15:42:45 --> Invalid file: "comercial/administracionGeneral/periodos.php"
in SYSTEMPATH\Exceptions\FrameworkException.php on line 39.
 1 SYSTEMPATH\View\View.php(216): CodeIgniter\Exceptions\FrameworkException::forInvalidFile('comercial/administracionGeneral/periodos.php')
 2 SYSTEMPATH\Common.php(1190): CodeIgniter\View\View->render('comercial/administracionGeneral/periodos', [], true)
 3 APPPATH\Controllers\NominaController.php(25): view('comercial/administracionGeneral/periodos', [...])
 4 SYSTEMPATH\CodeIgniter.php(942): App\Controllers\NominaController->periodos()
 5 SYSTEMPATH\CodeIgniter.php(502): CodeIgniter\CodeIgniter->runController(Object(App\Controllers\NominaController))
 6 SYSTEMPATH\CodeIgniter.php(361): CodeIgniter\CodeIgniter->handleRequest(null, Object(Config\Cache), false)
 7 FCPATH\index.php(79): CodeIgniter\CodeIgniter->run()
INFO - 2024-01-29 15:43:24 --> Session: Class initialized using 'CodeIgniter\Session\Handlers\FileHandler' driver.
INFO - 2024-01-29 15:43:53 --> Session: Class initialized using 'CodeIgniter\Session\Handlers\FileHandler' driver.
INFO - 2024-01-29 15:43:56 --> Session: Class initialized using 'CodeIgniter\Session\Handlers\FileHandler' driver.
INFO - 2024-01-29 15:43:57 --> Session: Class initialized using 'CodeIgniter\Session\Handlers\FileHandler' driver.
INFO - 2024-01-29 15:43:58 --> Session: Class initialized using 'CodeIgniter\Session\Handlers\FileHandler' driver.
CRITICAL - 2024-01-29 15:43:58 --> Invalid file: "comercial/administracionGeneral/nomina.php"
in SYSTEMPATH\Exceptions\FrameworkException.php on line 39.
 1 SYSTEMPATH\View\View.php(216): CodeIgniter\Exceptions\FrameworkException::forInvalidFile('comercial/administracionGeneral/nomina.php')
 2 SYSTEMPATH\Common.php(1190): CodeIgniter\View\View->render('comercial/administracionGeneral/nomina', [], true)
 3 APPPATH\Controllers\NominaController.php(44): view('comercial/administracionGeneral/nomina', [...])
 4 SYSTEMPATH\CodeIgniter.php(942): App\Controllers\NominaController->board([...], 'enero', 'NO', '2024-01-16', '2024-01-31')
 5 SYSTEMPATH\CodeIgniter.php(502): CodeIgniter\CodeIgniter->runController(Object(App\Controllers\NominaController))
 6 SYSTEMPATH\CodeIgniter.php(361): CodeIgniter\CodeIgniter->handleRequest(null, Object(Config\Cache), false)
 7 FCPATH\index.php(79): CodeIgniter\CodeIgniter->run()
INFO - 2024-01-29 15:44:12 --> Session: Class initialized using 'CodeIgniter\Session\Handlers\FileHandler' driver.
CRITICAL - 2024-01-29 15:44:12 --> include(header.php): failed to open stream: No such file or directory
in APPPATH\Views\comercial\administracionGeneral\nomina\nomina.php on line 1.
 1 APPPATH\Views\comercial\administracionGeneral\nomina\nomina.php(1): CodeIgniter\Debug\Exceptions->errorHandler(2, 'include(header.php): failed to open stream: No such file or directory', 'C:\\xampp\\htdocs\\Turing-IA\\app\\Views\\comercial\\administracionGeneral\\nomina\\nomina.php', 1, [...])
 2 APPPATH\Views\comercial\administracionGeneral\nomina\nomina.php(1): include()
 3 SYSTEMPATH\View\View.php(228): include('C:\\xampp\\htdocs\\Turing-IA\\app\\Views\\comercial\\administracionGeneral\\nomina\\nomina.php')
 4 SYSTEMPATH\View\View.php(231): CodeIgniter\View\View->CodeIgniter\View\{closure}()
 5 SYSTEMPATH\Common.php(1190): CodeIgniter\View\View->render('comercial/administracionGeneral/nomina/nomina', [], true)
 6 APPPATH\Controllers\NominaController.php(44): view('comercial/administracionGeneral/nomina/nomina', [...])
 7 SYSTEMPATH\CodeIgniter.php(942): App\Controllers\NominaController->board([...], 'enero', 'NO', '2024-01-16', '2024-01-31')
 8 SYSTEMPATH\CodeIgniter.php(502): CodeIgniter\CodeIgniter->runController(Object(App\Controllers\NominaController))
 9 SYSTEMPATH\CodeIgniter.php(361): CodeIgniter\CodeIgniter->handleRequest(null, Object(Config\Cache), false)
10 FCPATH\index.php(79): CodeIgniter\CodeIgniter->run()
INFO - 2024-01-29 15:44:29 --> Session: Class initialized using 'CodeIgniter\Session\Handlers\FileHandler' driver.
INFO - 2024-01-29 15:44:34 --> Session: Class initialized using 'CodeIgniter\Session\Handlers\FileHandler' driver.
CRITICAL - 2024-01-29 15:44:34 --> Invalid file: "comercial/administracionGeneral/excel.php"
in SYSTEMPATH\Exceptions\FrameworkException.php on line 39.
 1 SYSTEMPATH\View\View.php(216): CodeIgniter\Exceptions\FrameworkException::forInvalidFile('comercial/administracionGeneral/excel.php')
 2 SYSTEMPATH\Common.php(1190): CodeIgniter\View\View->render('comercial/administracionGeneral/excel', [], true)
 3 APPPATH\Controllers\NominaController.php(218): view('comercial/administracionGeneral/excel', [...])
 4 SYSTEMPATH\CodeIgniter.php(942): App\Controllers\NominaController->archive('2024', 'enero', 'NO', '2024-01-16', '2024-01-31')
 5 SYSTEMPATH\CodeIgniter.php(502): CodeIgniter\CodeIgniter->runController(Object(App\Controllers\NominaController))
 6 SYSTEMPATH\CodeIgniter.php(361): CodeIgniter\CodeIgniter->handleRequest(null, Object(Config\Cache), false)
 7 FCPATH\index.php(79): CodeIgniter\CodeIgniter->run()
INFO - 2024-01-29 15:44:50 --> Session: Class initialized using 'CodeIgniter\Session\Handlers\FileHandler' driver.
CRITICAL - 2024-01-29 15:44:50 --> include(header.php): failed to open stream: No such file or directory
in APPPATH\Views\comercial\administracionGeneral\nomina\excel.php on line 1.
 1 APPPATH\Views\comercial\administracionGeneral\nomina\excel.php(1): CodeIgniter\Debug\Exceptions->errorHandler(2, 'include(header.php): failed to open stream: No such file or directory', 'C:\\xampp\\htdocs\\Turing-IA\\app\\Views\\comercial\\administracionGeneral\\nomina\\excel.php', 1, [...])
 2 APPPATH\Views\comercial\administracionGeneral\nomina\excel.php(1): include()
 3 SYSTEMPATH\View\View.php(228): include('C:\\xampp\\htdocs\\Turing-IA\\app\\Views\\comercial\\administracionGeneral\\nomina\\excel.php')
 4 SYSTEMPATH\View\View.php(231): CodeIgniter\View\View->CodeIgniter\View\{closure}()
 5 SYSTEMPATH\Common.php(1190): CodeIgniter\View\View->render('comercial/administracionGeneral/nomina/excel', [], true)
 6 APPPATH\Controllers\NominaController.php(218): view('comercial/administracionGeneral/nomina/excel', [...])
 7 SYSTEMPATH\CodeIgniter.php(942): App\Controllers\NominaController->archive('2024', 'enero', 'NO', '2024-01-16', '2024-01-31')
 8 SYSTEMPATH\CodeIgniter.php(502): CodeIgniter\CodeIgniter->runController(Object(App\Controllers\NominaController))
 9 SYSTEMPATH\CodeIgniter.php(361): CodeIgniter\CodeIgniter->handleRequest(null, Object(Config\Cache), false)
10 FCPATH\index.php(79): CodeIgniter\CodeIgniter->run()
INFO - 2024-01-29 15:45:04 --> Session: Class initialized using 'CodeIgniter\Session\Handlers\FileHandler' driver.
INFO - 2024-01-29 15:45:07 --> Session: Class initialized using 'CodeIgniter\Session\Handlers\FileHandler' driver.
INFO - 2024-01-29 15:45:09 --> Session: Class initialized using 'CodeIgniter\Session\Handlers\FileHandler' driver.
CRITICAL - 2024-01-29 15:45:09 --> Invalid file: "comercial/administracionGeneral/vistaPeriodos.php"
in SYSTEMPATH\Exceptions\FrameworkException.php on line 39.
 1 SYSTEMPATH\View\View.php(216): CodeIgniter\Exceptions\FrameworkException::forInvalidFile('comercial/administracionGeneral/vistaPeriodos.php')
 2 SYSTEMPATH\Common.php(1190): CodeIgniter\View\View->render('comercial/administracionGeneral/vistaPeriodos', [], true)
 3 APPPATH\Controllers\NominaController.php(153): view('comercial/administracionGeneral/vistaPeriodos', [...])
 4 SYSTEMPATH\CodeIgniter.php(942): App\Controllers\NominaController->periods('2024', 'enero', 'Santander', 'NO', '2024-01-16', '2024-01-31')
 5 SYSTEMPATH\CodeIgniter.php(502): CodeIgniter\CodeIgniter->runController(Object(App\Controllers\NominaController))
 6 SYSTEMPATH\CodeIgniter.php(361): CodeIgniter\CodeIgniter->handleRequest(null, Object(Config\Cache), false)
 7 FCPATH\index.php(79): CodeIgniter\CodeIgniter->run()
INFO - 2024-01-29 15:45:41 --> Session: Class initialized using 'CodeIgniter\Session\Handlers\FileHandler' driver.
INFO - 2024-01-29 15:45:48 --> Session: Class initialized using 'CodeIgniter\Session\Handlers\FileHandler' driver.
INFO - 2024-01-29 15:45:48 --> Session: Class initialized using 'CodeIgniter\Session\Handlers\FileHandler' driver.
INFO - 2024-01-29 15:45:53 --> Session: Class initialized using 'CodeIgniter\Session\Handlers\FileHandler' driver.
INFO - 2024-01-29 15:45:55 --> Session: Class initialized using 'CodeIgniter\Session\Handlers\FileHandler' driver.
INFO - 2024-01-29 15:45:59 --> Session: Class initialized using 'CodeIgniter\Session\Handlers\FileHandler' driver.
INFO - 2024-01-29 15:46:00 --> Session: Class initialized using 'CodeIgniter\Session\Handlers\FileHandler' driver.
INFO - 2024-01-29 15:46:03 --> Session: Class initialized using 'CodeIgniter\Session\Handlers\FileHandler' driver.
INFO - 2024-01-29 15:46:05 --> Session: Class initialized using 'CodeIgniter\Session\Handlers\FileHandler' driver.
INFO - 2024-01-29 15:46:06 --> Session: Class initialized using 'CodeIgniter\Session\Handlers\FileHandler' driver.
CRITICAL - 2024-01-29 15:46:06 --> Invalid file: "comercial/administracionGeneral/finiquitos.php"
in SYSTEMPATH\Exceptions\FrameworkException.php on line 39.
 1 SYSTEMPATH\View\View.php(216): CodeIgniter\Exceptions\FrameworkException::forInvalidFile('comercial/administracionGeneral/finiquitos.php')
 2 SYSTEMPATH\Common.php(1190): CodeIgniter\View\View->render('comercial/administracionGeneral/finiquitos', [], true)
 3 APPPATH\Controllers\NominaController.php(347): view('comercial/administracionGeneral/finiquitos', [...])
 4 SYSTEMPATH\CodeIgniter.php(942): App\Controllers\NominaController->terminations()
 5 SYSTEMPATH\CodeIgniter.php(502): CodeIgniter\CodeIgniter->runController(Object(App\Controllers\NominaController))
 6 SYSTEMPATH\CodeIgniter.php(361): CodeIgniter\CodeIgniter->handleRequest(null, Object(Config\Cache), false)
 7 FCPATH\index.php(79): CodeIgniter\CodeIgniter->run()
INFO - 2024-01-29 15:46:30 --> Session: Class initialized using 'CodeIgniter\Session\Handlers\FileHandler' driver.
CRITICAL - 2024-01-29 15:46:30 --> Invalid file: "comercial/administracionGeneral/finiquitos.php"
in SYSTEMPATH\Exceptions\FrameworkException.php on line 39.
 1 SYSTEMPATH\View\View.php(216): CodeIgniter\Exceptions\FrameworkException::forInvalidFile('comercial/administracionGeneral/finiquitos.php')
 2 SYSTEMPATH\Common.php(1190): CodeIgniter\View\View->render('comercial/administracionGeneral/finiquitos', [], true)
 3 APPPATH\Controllers\NominaController.php(347): view('comercial/administracionGeneral/finiquitos', [...])
 4 SYSTEMPATH\CodeIgniter.php(942): App\Controllers\NominaController->terminations()
 5 SYSTEMPATH\CodeIgniter.php(502): CodeIgniter\CodeIgniter->runController(Object(App\Controllers\NominaController))
 6 SYSTEMPATH\CodeIgniter.php(361): CodeIgniter\CodeIgniter->handleRequest(null, Object(Config\Cache), false)
 7 FCPATH\index.php(79): CodeIgniter\CodeIgniter->run()
INFO - 2024-01-29 15:46:33 --> Session: Class initialized using 'CodeIgniter\Session\Handlers\FileHandler' driver.
CRITICAL - 2024-01-29 15:46:33 --> Invalid file: "comercial/administracionGeneral/finiquitos.php"
in SYSTEMPATH\Exceptions\FrameworkException.php on line 39.
 1 SYSTEMPATH\View\View.php(216): CodeIgniter\Exceptions\FrameworkException::forInvalidFile('comercial/administracionGeneral/finiquitos.php')
 2 SYSTEMPATH\Common.php(1190): CodeIgniter\View\View->render('comercial/administracionGeneral/finiquitos', [], true)
 3 APPPATH\Controllers\NominaController.php(347): view('comercial/administracionGeneral/finiquitos', [...])
 4 SYSTEMPATH\CodeIgniter.php(942): App\Controllers\NominaController->terminations()
 5 SYSTEMPATH\CodeIgniter.php(502): CodeIgniter\CodeIgniter->runController(Object(App\Controllers\NominaController))
 6 SYSTEMPATH\CodeIgniter.php(361): CodeIgniter\CodeIgniter->handleRequest(null, Object(Config\Cache), false)
 7 FCPATH\index.php(79): CodeIgniter\CodeIgniter->run()
INFO - 2024-01-29 15:46:37 --> Session: Class initialized using 'CodeIgniter\Session\Handlers\FileHandler' driver.
INFO - 2024-01-29 15:46:40 --> Session: Class initialized using 'CodeIgniter\Session\Handlers\FileHandler' driver.
CRITICAL - 2024-01-29 15:46:40 --> Invalid file: "comercial/administracionGeneral/finiquitos.php"
in SYSTEMPATH\Exceptions\FrameworkException.php on line 39.
 1 SYSTEMPATH\View\View.php(216): CodeIgniter\Exceptions\FrameworkException::forInvalidFile('comercial/administracionGeneral/finiquitos.php')
 2 SYSTEMPATH\Common.php(1190): CodeIgniter\View\View->render('comercial/administracionGeneral/finiquitos', [], true)
 3 APPPATH\Controllers\NominaController.php(347): view('comercial/administracionGeneral/finiquitos', [...])
 4 SYSTEMPATH\CodeIgniter.php(942): App\Controllers\NominaController->terminations()
 5 SYSTEMPATH\CodeIgniter.php(502): CodeIgniter\CodeIgniter->runController(Object(App\Controllers\NominaController))
 6 SYSTEMPATH\CodeIgniter.php(361): CodeIgniter\CodeIgniter->handleRequest(null, Object(Config\Cache), false)
 7 FCPATH\index.php(79): CodeIgniter\CodeIgniter->run()
INFO - 2024-01-29 15:47:01 --> Session: Class initialized using 'CodeIgniter\Session\Handlers\FileHandler' driver.
INFO - 2024-01-29 15:47:13 --> Session: Class initialized using 'CodeIgniter\Session\Handlers\FileHandler' driver.
INFO - 2024-01-29 15:47:17 --> Session: Class initialized using 'CodeIgniter\Session\Handlers\FileHandler' driver.
INFO - 2024-01-29 15:47:19 --> Session: Class initialized using 'CodeIgniter\Session\Handlers\FileHandler' driver.
INFO - 2024-01-29 15:47:22 --> Session: Class initialized using 'CodeIgniter\Session\Handlers\FileHandler' driver.
CRITICAL - 2024-01-29 15:47:22 --> Invalid file: "comercial/administracionGeneral/colaborators/firmados.php"
in SYSTEMPATH\Exceptions\FrameworkException.php on line 39.
 1 SYSTEMPATH\View\View.php(216): CodeIgniter\Exceptions\FrameworkException::forInvalidFile('comercial/administracionGeneral/colaborators/firmados.php')
 2 SYSTEMPATH\Common.php(1190): CodeIgniter\View\View->render('comercial/administracionGeneral/colaborators/firmados', [], true)
 3 APPPATH\Controllers\NominaController.php(554): view('comercial/administracionGeneral/colaborators/firmados', [...])
 4 SYSTEMPATH\CodeIgniter.php(942): App\Controllers\NominaController->receipts()
 5 SYSTEMPATH\CodeIgniter.php(502): CodeIgniter\CodeIgniter->runController(Object(App\Controllers\NominaController))
 6 SYSTEMPATH\CodeIgniter.php(361): CodeIgniter\CodeIgniter->handleRequest(null, Object(Config\Cache), false)
 7 FCPATH\index.php(79): CodeIgniter\CodeIgniter->run()
INFO - 2024-01-29 15:47:38 --> Session: Class initialized using 'CodeIgniter\Session\Handlers\FileHandler' driver.
CRITICAL - 2024-01-29 15:47:38 --> Invalid file: "comercial/administracionGeneral/colaborators/firmados.php"
in SYSTEMPATH\Exceptions\FrameworkException.php on line 39.
 1 SYSTEMPATH\View\View.php(216): CodeIgniter\Exceptions\FrameworkException::forInvalidFile('comercial/administracionGeneral/colaborators/firmados.php')
 2 SYSTEMPATH\Common.php(1190): CodeIgniter\View\View->render('comercial/administracionGeneral/colaborators/firmados', [], true)
 3 APPPATH\Controllers\NominaController.php(554): view('comercial/administracionGeneral/colaborators/firmados', [...])
 4 SYSTEMPATH\CodeIgniter.php(942): App\Controllers\NominaController->receipts()
 5 SYSTEMPATH\CodeIgniter.php(502): CodeIgniter\CodeIgniter->runController(Object(App\Controllers\NominaController))
 6 SYSTEMPATH\CodeIgniter.php(361): CodeIgniter\CodeIgniter->handleRequest(null, Object(Config\Cache), false)
 7 FCPATH\index.php(79): CodeIgniter\CodeIgniter->run()
INFO - 2024-01-29 15:48:08 --> Session: Class initialized using 'CodeIgniter\Session\Handlers\FileHandler' driver.
INFO - 2024-01-29 15:48:12 --> Session: Class initialized using 'CodeIgniter\Session\Handlers\FileHandler' driver.
INFO - 2024-01-29 15:48:14 --> Session: Class initialized using 'CodeIgniter\Session\Handlers\FileHandler' driver.
INFO - 2024-01-29 15:48:16 --> Session: Class initialized using 'CodeIgniter\Session\Handlers\FileHandler' driver.
INFO - 2024-01-29 15:48:21 --> Session: Class initialized using 'CodeIgniter\Session\Handlers\FileHandler' driver.
CRITICAL - 2024-01-29 15:48:21 --> Invalid file: "comercial/administracionGeneral/colaborators/index.php"
in SYSTEMPATH\Exceptions\FrameworkException.php on line 39.
 1 SYSTEMPATH\View\View.php(216): CodeIgniter\Exceptions\FrameworkException::forInvalidFile('comercial/administracionGeneral/colaborators/index.php')
 2 SYSTEMPATH\Common.php(1190): CodeIgniter\View\View->render('comercial/administracionGeneral/colaborators/index', [], true)
 3 APPPATH\Controllers\ColaboratorsController.php(30): view('comercial/administracionGeneral/colaborators/index', [...])
 4 SYSTEMPATH\CodeIgniter.php(942): App\Controllers\ColaboratorsController->newcolab()
 5 SYSTEMPATH\CodeIgniter.php(502): CodeIgniter\CodeIgniter->runController(Object(App\Controllers\ColaboratorsController))
 6 SYSTEMPATH\CodeIgniter.php(361): CodeIgniter\CodeIgniter->handleRequest(null, Object(Config\Cache), false)
 7 FCPATH\index.php(79): CodeIgniter\CodeIgniter->run()
INFO - 2024-01-29 15:48:43 --> Session: Class initialized using 'CodeIgniter\Session\Handlers\FileHandler' driver.
INFO - 2024-01-29 15:48:47 --> Session: Class initialized using 'CodeIgniter\Session\Handlers\FileHandler' driver.
INFO - 2024-01-29 15:49:52 --> Session: Class initialized using 'CodeIgniter\Session\Handlers\FileHandler' driver.
INFO - 2024-01-29 15:49:54 --> Session: Class initialized using 'CodeIgniter\Session\Handlers\FileHandler' driver.
CRITICAL - 2024-01-29 15:49:54 --> Invalid file: "comercial/administracionGeneral/colaborators/vistaColabs.php"
in SYSTEMPATH\Exceptions\FrameworkException.php on line 39.
 1 SYSTEMPATH\View\View.php(216): CodeIgniter\Exceptions\FrameworkException::forInvalidFile('comercial/administracionGeneral/colaborators/vistaColabs.php')
 2 SYSTEMPATH\Common.php(1190): CodeIgniter\View\View->render('comercial/administracionGeneral/colaborators/vistaColabs', [], true)
 3 APPPATH\Controllers\ColaboratorsController.php(162): view('comercial/administracionGeneral/colaborators/vistaColabs', [...])
 4 SYSTEMPATH\CodeIgniter.php(942): App\Controllers\ColaboratorsController->people()
 5 SYSTEMPATH\CodeIgniter.php(502): CodeIgniter\CodeIgniter->runController(Object(App\Controllers\ColaboratorsController))
 6 SYSTEMPATH\CodeIgniter.php(361): CodeIgniter\CodeIgniter->handleRequest(null, Object(Config\Cache), false)
 7 FCPATH\index.php(79): CodeIgniter\CodeIgniter->run()
INFO - 2024-01-29 15:50:04 --> Session: Class initialized using 'CodeIgniter\Session\Handlers\FileHandler' driver.
INFO - 2024-01-29 15:50:13 --> Session: Class initialized using 'CodeIgniter\Session\Handlers\FileHandler' driver.
CRITICAL - 2024-01-29 15:50:13 --> Invalid file: "comercial/administracionGeneral/colaborators/editColabs.php"
in SYSTEMPATH\Exceptions\FrameworkException.php on line 39.
 1 SYSTEMPATH\View\View.php(216): CodeIgniter\Exceptions\FrameworkException::forInvalidFile('comercial/administracionGeneral/colaborators/editColabs.php')
 2 SYSTEMPATH\Common.php(1190): CodeIgniter\View\View->render('comercial/administracionGeneral/colaborators/editColabs', [], true)
 3 APPPATH\Controllers\ColaboratorsController.php(187): view('comercial/administracionGeneral/colaborators/editColabs', [...])
 4 SYSTEMPATH\CodeIgniter.php(942): App\Controllers\ColaboratorsController->collaborators('11')
 5 SYSTEMPATH\CodeIgniter.php(502): CodeIgniter\CodeIgniter->runController(Object(App\Controllers\ColaboratorsController))
 6 SYSTEMPATH\CodeIgniter.php(361): CodeIgniter\CodeIgniter->handleRequest(null, Object(Config\Cache), false)
 7 FCPATH\index.php(79): CodeIgniter\CodeIgniter->run()
INFO - 2024-01-29 15:50:30 --> Session: Class initialized using 'CodeIgniter\Session\Handlers\FileHandler' driver.
INFO - 2024-01-29 15:50:39 --> Session: Class initialized using 'CodeIgniter\Session\Handlers\FileHandler' driver.
INFO - 2024-01-29 15:50:42 --> Session: Class initialized using 'CodeIgniter\Session\Handlers\FileHandler' driver.
INFO - 2024-01-29 15:50:43 --> Session: Class initialized using 'CodeIgniter\Session\Handlers\FileHandler' driver.
INFO - 2024-01-29 15:50:49 --> Session: Class initialized using 'CodeIgniter\Session\Handlers\FileHandler' driver.
INFO - 2024-01-29 15:50:51 --> Session: Class initialized using 'CodeIgniter\Session\Handlers\FileHandler' driver.
INFO - 2024-01-29 15:52:13 --> Session: Class initialized using 'CodeIgniter\Session\Handlers\FileHandler' driver.
INFO - 2024-01-29 15:52:15 --> Session: Class initialized using 'CodeIgniter\Session\Handlers\FileHandler' driver.
INFO - 2024-01-29 15:52:16 --> Session: Class initialized using 'CodeIgniter\Session\Handlers\FileHandler' driver.
INFO - 2024-01-29 15:52:18 --> Session: Class initialized using 'CodeIgniter\Session\Handlers\FileHandler' driver.
INFO - 2024-01-29 15:52:27 --> Session: Class initialized using 'CodeIgniter\Session\Handlers\FileHandler' driver.
INFO - 2024-01-29 15:52:32 --> Session: Class initialized using 'CodeIgniter\Session\Handlers\FileHandler' driver.
INFO - 2024-01-29 15:52:35 --> Session: Class initialized using 'CodeIgniter\Session\Handlers\FileHandler' driver.
INFO - 2024-01-29 15:52:57 --> Session: Class initialized using 'CodeIgniter\Session\Handlers\FileHandler' driver.
INFO - 2024-01-29 15:52:57 --> Session: Class initialized using 'CodeIgniter\Session\Handlers\FileHandler' driver.
INFO - 2024-01-29 15:53:11 --> Session: Class initialized using 'CodeIgniter\Session\Handlers\FileHandler' driver.
INFO - 2024-01-29 15:53:11 --> Session: Class initialized using 'CodeIgniter\Session\Handlers\FileHandler' driver.
INFO - 2024-01-29 15:53:14 --> Session: Class initialized using 'CodeIgniter\Session\Handlers\FileHandler' driver.
INFO - 2024-01-29 15:53:19 --> Session: Class initialized using 'CodeIgniter\Session\Handlers\FileHandler' driver.
CRITICAL - 2024-01-29 15:53:19 --> Invalid file: "direccion/periodos.php"
in SYSTEMPATH\Exceptions\FrameworkException.php on line 39.
 1 SYSTEMPATH\View\View.php(216): CodeIgniter\Exceptions\FrameworkException::forInvalidFile('direccion/periodos.php')
 2 SYSTEMPATH\Common.php(1190): CodeIgniter\View\View->render('direccion/periodos', [], true)
 3 APPPATH\Controllers\NominaController.php(693): view('direccion/periodos', [...])
 4 SYSTEMPATH\CodeIgniter.php(942): App\Controllers\NominaController->history()
 5 SYSTEMPATH\CodeIgniter.php(502): CodeIgniter\CodeIgniter->runController(Object(App\Controllers\NominaController))
 6 SYSTEMPATH\CodeIgniter.php(361): CodeIgniter\CodeIgniter->handleRequest(null, Object(Config\Cache), false)
 7 FCPATH\index.php(79): CodeIgniter\CodeIgniter->run()
INFO - 2024-01-29 15:53:34 --> Session: Class initialized using 'CodeIgniter\Session\Handlers\FileHandler' driver.
CRITICAL - 2024-01-29 15:53:34 --> include(header.php): failed to open stream: No such file or directory
in APPPATH\Views\direccion\nomina\periodos.php on line 1.
 1 APPPATH\Views\direccion\nomina\periodos.php(1): CodeIgniter\Debug\Exceptions->errorHandler(2, 'include(header.php): failed to open stream: No such file or directory', 'C:\\xampp\\htdocs\\Turing-IA\\app\\Views\\direccion\\nomina\\periodos.php', 1, [...])
 2 APPPATH\Views\direccion\nomina\periodos.php(1): include()
 3 SYSTEMPATH\View\View.php(228): include('C:\\xampp\\htdocs\\Turing-IA\\app\\Views\\direccion\\nomina\\periodos.php')
 4 SYSTEMPATH\View\View.php(231): CodeIgniter\View\View->CodeIgniter\View\{closure}()
 5 SYSTEMPATH\Common.php(1190): CodeIgniter\View\View->render('direccion/nomina/periodos', [], true)
 6 APPPATH\Controllers\NominaController.php(693): view('direccion/nomina/periodos', [...])
 7 SYSTEMPATH\CodeIgniter.php(942): App\Controllers\NominaController->history()
 8 SYSTEMPATH\CodeIgniter.php(502): CodeIgniter\CodeIgniter->runController(Object(App\Controllers\NominaController))
 9 SYSTEMPATH\CodeIgniter.php(361): CodeIgniter\CodeIgniter->handleRequest(null, Object(Config\Cache), false)
10 FCPATH\index.php(79): CodeIgniter\CodeIgniter->run()
INFO - 2024-01-29 15:54:01 --> Session: Class initialized using 'CodeIgniter\Session\Handlers\FileHandler' driver.
CRITICAL - 2024-01-29 15:54:01 --> include(header.php): failed to open stream: No such file or directory
in APPPATH\Views\direccion\nomina\periodos.php on line 1.
 1 APPPATH\Views\direccion\nomina\periodos.php(1): CodeIgniter\Debug\Exceptions->errorHandler(2, 'include(header.php): failed to open stream: No such file or directory', 'C:\\xampp\\htdocs\\Turing-IA\\app\\Views\\direccion\\nomina\\periodos.php', 1, [...])
 2 APPPATH\Views\direccion\nomina\periodos.php(1): include()
 3 SYSTEMPATH\View\View.php(228): include('C:\\xampp\\htdocs\\Turing-IA\\app\\Views\\direccion\\nomina\\periodos.php')
 4 SYSTEMPATH\View\View.php(231): CodeIgniter\View\View->CodeIgniter\View\{closure}()
 5 SYSTEMPATH\Common.php(1190): CodeIgniter\View\View->render('direccion/nomina/periodos', [], true)
 6 APPPATH\Controllers\NominaController.php(693): view('direccion/nomina/periodos', [...])
 7 SYSTEMPATH\CodeIgniter.php(942): App\Controllers\NominaController->history()
 8 SYSTEMPATH\CodeIgniter.php(502): CodeIgniter\CodeIgniter->runController(Object(App\Controllers\NominaController))
 9 SYSTEMPATH\CodeIgniter.php(361): CodeIgniter\CodeIgniter->handleRequest(null, Object(Config\Cache), false)
10 FCPATH\index.php(79): CodeIgniter\CodeIgniter->run()
INFO - 2024-01-29 15:54:03 --> Session: Class initialized using 'CodeIgniter\Session\Handlers\FileHandler' driver.
CRITICAL - 2024-01-29 15:54:03 --> include(header.php): failed to open stream: No such file or directory
in APPPATH\Views\direccion\nomina\periodos.php on line 1.
 1 APPPATH\Views\direccion\nomina\periodos.php(1): CodeIgniter\Debug\Exceptions->errorHandler(2, 'include(header.php): failed to open stream: No such file or directory', 'C:\\xampp\\htdocs\\Turing-IA\\app\\Views\\direccion\\nomina\\periodos.php', 1, [...])
 2 APPPATH\Views\direccion\nomina\periodos.php(1): include()
 3 SYSTEMPATH\View\View.php(228): include('C:\\xampp\\htdocs\\Turing-IA\\app\\Views\\direccion\\nomina\\periodos.php')
 4 SYSTEMPATH\View\View.php(231): CodeIgniter\View\View->CodeIgniter\View\{closure}()
 5 SYSTEMPATH\Common.php(1190): CodeIgniter\View\View->render('direccion/nomina/periodos', [], true)
 6 APPPATH\Controllers\NominaController.php(693): view('direccion/nomina/periodos', [...])
 7 SYSTEMPATH\CodeIgniter.php(942): App\Controllers\NominaController->history()
 8 SYSTEMPATH\CodeIgniter.php(502): CodeIgniter\CodeIgniter->runController(Object(App\Controllers\NominaController))
 9 SYSTEMPATH\CodeIgniter.php(361): CodeIgniter\CodeIgniter->handleRequest(null, Object(Config\Cache), false)
10 FCPATH\index.php(79): CodeIgniter\CodeIgniter->run()
INFO - 2024-01-29 15:54:03 --> Session: Class initialized using 'CodeIgniter\Session\Handlers\FileHandler' driver.
CRITICAL - 2024-01-29 15:54:03 --> include(header.php): failed to open stream: No such file or directory
in APPPATH\Views\direccion\nomina\periodos.php on line 1.
 1 APPPATH\Views\direccion\nomina\periodos.php(1): CodeIgniter\Debug\Exceptions->errorHandler(2, 'include(header.php): failed to open stream: No such file or directory', 'C:\\xampp\\htdocs\\Turing-IA\\app\\Views\\direccion\\nomina\\periodos.php', 1, [...])
 2 APPPATH\Views\direccion\nomina\periodos.php(1): include()
 3 SYSTEMPATH\View\View.php(228): include('C:\\xampp\\htdocs\\Turing-IA\\app\\Views\\direccion\\nomina\\periodos.php')
 4 SYSTEMPATH\View\View.php(231): CodeIgniter\View\View->CodeIgniter\View\{closure}()
 5 SYSTEMPATH\Common.php(1190): CodeIgniter\View\View->render('direccion/nomina/periodos', [], true)
 6 APPPATH\Controllers\NominaController.php(693): view('direccion/nomina/periodos', [...])
 7 SYSTEMPATH\CodeIgniter.php(942): App\Controllers\NominaController->history()
 8 SYSTEMPATH\CodeIgniter.php(502): CodeIgniter\CodeIgniter->runController(Object(App\Controllers\NominaController))
 9 SYSTEMPATH\CodeIgniter.php(361): CodeIgniter\CodeIgniter->handleRequest(null, Object(Config\Cache), false)
10 FCPATH\index.php(79): CodeIgniter\CodeIgniter->run()
INFO - 2024-01-29 15:54:19 --> Session: Class initialized using 'CodeIgniter\Session\Handlers\FileHandler' driver.
CRITICAL - 2024-01-29 15:54:19 --> include(header.php): failed to open stream: No such file or directory
in APPPATH\Views\direccion\nomina\periodos.php on line 1.
 1 APPPATH\Views\direccion\nomina\periodos.php(1): CodeIgniter\Debug\Exceptions->errorHandler(2, 'include(header.php): failed to open stream: No such file or directory', 'C:\\xampp\\htdocs\\Turing-IA\\app\\Views\\direccion\\nomina\\periodos.php', 1, [...])
 2 APPPATH\Views\direccion\nomina\periodos.php(1): include()
 3 SYSTEMPATH\View\View.php(228): include('C:\\xampp\\htdocs\\Turing-IA\\app\\Views\\direccion\\nomina\\periodos.php')
 4 SYSTEMPATH\View\View.php(231): CodeIgniter\View\View->CodeIgniter\View\{closure}()
 5 SYSTEMPATH\Common.php(1190): CodeIgniter\View\View->render('direccion/nomina/periodos', [], true)
 6 APPPATH\Controllers\NominaController.php(693): view('direccion/nomina/periodos', [...])
 7 SYSTEMPATH\CodeIgniter.php(942): App\Controllers\NominaController->history()
 8 SYSTEMPATH\CodeIgniter.php(502): CodeIgniter\CodeIgniter->runController(Object(App\Controllers\NominaController))
 9 SYSTEMPATH\CodeIgniter.php(361): CodeIgniter\CodeIgniter->handleRequest(null, Object(Config\Cache), false)
10 FCPATH\index.php(79): CodeIgniter\CodeIgniter->run()
INFO - 2024-01-29 15:54:31 --> Session: Class initialized using 'CodeIgniter\Session\Handlers\FileHandler' driver.
CRITICAL - 2024-01-29 15:54:31 --> include(footer.php): failed to open stream: No such file or directory
in APPPATH\Views\direccion\nomina\periodos.php on line 47.
 1 APPPATH\Views\direccion\nomina\periodos.php(47): CodeIgniter\Debug\Exceptions->errorHandler(2, 'include(footer.php): failed to open stream: No such file or directory', 'C:\\xampp\\htdocs\\Turing-IA\\app\\Views\\direccion\\nomina\\periodos.php', 47, [...])
 2 APPPATH\Views\direccion\nomina\periodos.php(47): include()
 3 SYSTEMPATH\View\View.php(228): include('C:\\xampp\\htdocs\\Turing-IA\\app\\Views\\direccion\\nomina\\periodos.php')
 4 SYSTEMPATH\View\View.php(231): CodeIgniter\View\View->CodeIgniter\View\{closure}()
 5 SYSTEMPATH\Common.php(1190): CodeIgniter\View\View->render('direccion/nomina/periodos', [], true)
 6 APPPATH\Controllers\NominaController.php(693): view('direccion/nomina/periodos', [...])
 7 SYSTEMPATH\CodeIgniter.php(942): App\Controllers\NominaController->history()
 8 SYSTEMPATH\CodeIgniter.php(502): CodeIgniter\CodeIgniter->runController(Object(App\Controllers\NominaController))
 9 SYSTEMPATH\CodeIgniter.php(361): CodeIgniter\CodeIgniter->handleRequest(null, Object(Config\Cache), false)
10 FCPATH\index.php(79): CodeIgniter\CodeIgniter->run()
INFO - 2024-01-29 15:54:37 --> Session: Class initialized using 'CodeIgniter\Session\Handlers\FileHandler' driver.
INFO - 2024-01-29 15:54:44 --> Session: Class initialized using 'CodeIgniter\Session\Handlers\FileHandler' driver.
CRITICAL - 2024-01-29 15:54:44 --> Invalid file: "direccion/firmados.php"
in SYSTEMPATH\Exceptions\FrameworkException.php on line 39.
 1 SYSTEMPATH\View\View.php(216): CodeIgniter\Exceptions\FrameworkException::forInvalidFile('direccion/firmados.php')
 2 SYSTEMPATH\Common.php(1190): CodeIgniter\View\View->render('direccion/firmados', [], true)
 3 APPPATH\Controllers\NominaController.php(566): view('direccion/firmados', [...])
 4 SYSTEMPATH\CodeIgniter.php(942): App\Controllers\NominaController->receiptss()
 5 SYSTEMPATH\CodeIgniter.php(502): CodeIgniter\CodeIgniter->runController(Object(App\Controllers\NominaController))
 6 SYSTEMPATH\CodeIgniter.php(361): CodeIgniter\CodeIgniter->handleRequest(null, Object(Config\Cache), false)
 7 FCPATH\index.php(79): CodeIgniter\CodeIgniter->run()
INFO - 2024-01-29 15:54:44 --> Session: Class initialized using 'CodeIgniter\Session\Handlers\FileHandler' driver.
INFO - 2024-01-29 15:54:46 --> Session: Class initialized using 'CodeIgniter\Session\Handlers\FileHandler' driver.
INFO - 2024-01-29 15:54:48 --> Session: Class initialized using 'CodeIgniter\Session\Handlers\FileHandler' driver.
CRITICAL - 2024-01-29 15:54:48 --> Invalid file: "direccion/nomina.php"
in SYSTEMPATH\Exceptions\FrameworkException.php on line 39.
 1 SYSTEMPATH\View\View.php(216): CodeIgniter\Exceptions\FrameworkException::forInvalidFile('direccion/nomina.php')
 2 SYSTEMPATH\Common.php(1190): CodeIgniter\View\View->render('direccion/nomina', [], true)
 3 APPPATH\Controllers\NominaController.php(707): view('direccion/nomina', [...])
 4 SYSTEMPATH\CodeIgniter.php(942): App\Controllers\NominaController->signature([...], 'enero', 'NO', '2024-01-16', '2024-01-31')
 5 SYSTEMPATH\CodeIgniter.php(502): CodeIgniter\CodeIgniter->runController(Object(App\Controllers\NominaController))
 6 SYSTEMPATH\CodeIgniter.php(361): CodeIgniter\CodeIgniter->handleRequest(null, Object(Config\Cache), false)
 7 FCPATH\index.php(79): CodeIgniter\CodeIgniter->run()
INFO - 2024-01-29 15:55:04 --> Session: Class initialized using 'CodeIgniter\Session\Handlers\FileHandler' driver.
CRITICAL - 2024-01-29 15:55:04 --> Invalid file: "direccion/nomina.php"
in SYSTEMPATH\Exceptions\FrameworkException.php on line 39.
 1 SYSTEMPATH\View\View.php(216): CodeIgniter\Exceptions\FrameworkException::forInvalidFile('direccion/nomina.php')
 2 SYSTEMPATH\Common.php(1190): CodeIgniter\View\View->render('direccion/nomina', [], true)
 3 APPPATH\Controllers\NominaController.php(707): view('direccion/nomina', [...])
 4 SYSTEMPATH\CodeIgniter.php(942): App\Controllers\NominaController->signature([...], 'enero', 'NO', '2024-01-16', '2024-01-31')
 5 SYSTEMPATH\CodeIgniter.php(502): CodeIgniter\CodeIgniter->runController(Object(App\Controllers\NominaController))
 6 SYSTEMPATH\CodeIgniter.php(361): CodeIgniter\CodeIgniter->handleRequest(null, Object(Config\Cache), false)
 7 FCPATH\index.php(79): CodeIgniter\CodeIgniter->run()
INFO - 2024-01-29 15:55:05 --> Session: Class initialized using 'CodeIgniter\Session\Handlers\FileHandler' driver.
CRITICAL - 2024-01-29 15:55:05 --> Invalid file: "direccion/nomina.php"
in SYSTEMPATH\Exceptions\FrameworkException.php on line 39.
 1 SYSTEMPATH\View\View.php(216): CodeIgniter\Exceptions\FrameworkException::forInvalidFile('direccion/nomina.php')
 2 SYSTEMPATH\Common.php(1190): CodeIgniter\View\View->render('direccion/nomina', [], true)
 3 APPPATH\Controllers\NominaController.php(707): view('direccion/nomina', [...])
 4 SYSTEMPATH\CodeIgniter.php(942): App\Controllers\NominaController->signature([...], 'enero', 'NO', '2024-01-16', '2024-01-31')
 5 SYSTEMPATH\CodeIgniter.php(502): CodeIgniter\CodeIgniter->runController(Object(App\Controllers\NominaController))
 6 SYSTEMPATH\CodeIgniter.php(361): CodeIgniter\CodeIgniter->handleRequest(null, Object(Config\Cache), false)
 7 FCPATH\index.php(79): CodeIgniter\CodeIgniter->run()
INFO - 2024-01-29 15:55:22 --> Session: Class initialized using 'CodeIgniter\Session\Handlers\FileHandler' driver.
CRITICAL - 2024-01-29 15:55:22 --> Invalid file: "direccion/nomina.php"
in SYSTEMPATH\Exceptions\FrameworkException.php on line 39.
 1 SYSTEMPATH\View\View.php(216): CodeIgniter\Exceptions\FrameworkException::forInvalidFile('direccion/nomina.php')
 2 SYSTEMPATH\Common.php(1190): CodeIgniter\View\View->render('direccion/nomina', [], true)
 3 APPPATH\Controllers\NominaController.php(707): view('direccion/nomina', [...])
 4 SYSTEMPATH\CodeIgniter.php(942): App\Controllers\NominaController->signature([...], 'enero', 'NO', '2024-01-16', '2024-01-31')
 5 SYSTEMPATH\CodeIgniter.php(502): CodeIgniter\CodeIgniter->runController(Object(App\Controllers\NominaController))
 6 SYSTEMPATH\CodeIgniter.php(361): CodeIgniter\CodeIgniter->handleRequest(null, Object(Config\Cache), false)
 7 FCPATH\index.php(79): CodeIgniter\CodeIgniter->run()
INFO - 2024-01-29 15:55:34 --> Session: Class initialized using 'CodeIgniter\Session\Handlers\FileHandler' driver.
INFO - 2024-01-29 15:55:38 --> Session: Class initialized using 'CodeIgniter\Session\Handlers\FileHandler' driver.
CRITICAL - 2024-01-29 15:55:38 --> Invalid file: "direccion/firmados.php"
in SYSTEMPATH\Exceptions\FrameworkException.php on line 39.
 1 SYSTEMPATH\View\View.php(216): CodeIgniter\Exceptions\FrameworkException::forInvalidFile('direccion/firmados.php')
 2 SYSTEMPATH\Common.php(1190): CodeIgniter\View\View->render('direccion/firmados', [], true)
 3 APPPATH\Controllers\NominaController.php(566): view('direccion/firmados', [...])
 4 SYSTEMPATH\CodeIgniter.php(942): App\Controllers\NominaController->receiptss()
 5 SYSTEMPATH\CodeIgniter.php(502): CodeIgniter\CodeIgniter->runController(Object(App\Controllers\NominaController))
 6 SYSTEMPATH\CodeIgniter.php(361): CodeIgniter\CodeIgniter->handleRequest(null, Object(Config\Cache), false)
 7 FCPATH\index.php(79): CodeIgniter\CodeIgniter->run()
INFO - 2024-01-29 15:55:39 --> Session: Class initialized using 'CodeIgniter\Session\Handlers\FileHandler' driver.
INFO - 2024-01-29 15:55:40 --> Session: Class initialized using 'CodeIgniter\Session\Handlers\FileHandler' driver.
CRITICAL - 2024-01-29 15:55:40 --> Invalid file: "direccion/firma.php"
in SYSTEMPATH\Exceptions\FrameworkException.php on line 39.
 1 SYSTEMPATH\View\View.php(216): CodeIgniter\Exceptions\FrameworkException::forInvalidFile('direccion/firma.php')
 2 SYSTEMPATH\Common.php(1190): CodeIgniter\View\View->render('direccion/firma', [], true)
 3 APPPATH\Controllers\NominaController.php(718): view('direccion/firma', [...])
 4 SYSTEMPATH\CodeIgniter.php(942): App\Controllers\NominaController->banks('2024', 'enero', '1', 'NO', '2024-01-16', '2024-01-31')
 5 SYSTEMPATH\CodeIgniter.php(502): CodeIgniter\CodeIgniter->runController(Object(App\Controllers\NominaController))
 6 SYSTEMPATH\CodeIgniter.php(361): CodeIgniter\CodeIgniter->handleRequest(null, Object(Config\Cache), false)
 7 FCPATH\index.php(79): CodeIgniter\CodeIgniter->run()
INFO - 2024-01-29 15:55:52 --> Session: Class initialized using 'CodeIgniter\Session\Handlers\FileHandler' driver.
INFO - 2024-01-29 15:55:59 --> Session: Class initialized using 'CodeIgniter\Session\Handlers\FileHandler' driver.
INFO - 2024-01-29 15:55:59 --> Session: Class initialized using 'CodeIgniter\Session\Handlers\FileHandler' driver.
INFO - 2024-01-29 15:56:02 --> Session: Class initialized using 'CodeIgniter\Session\Handlers\FileHandler' driver.
CRITICAL - 2024-01-29 15:56:03 --> Invalid file: "direccion/firmados.php"
in SYSTEMPATH\Exceptions\FrameworkException.php on line 39.
 1 SYSTEMPATH\View\View.php(216): CodeIgniter\Exceptions\FrameworkException::forInvalidFile('direccion/firmados.php')
 2 SYSTEMPATH\Common.php(1190): CodeIgniter\View\View->render('direccion/firmados', [], true)
 3 APPPATH\Controllers\NominaController.php(566): view('direccion/firmados', [...])
 4 SYSTEMPATH\CodeIgniter.php(942): App\Controllers\NominaController->receiptss()
 5 SYSTEMPATH\CodeIgniter.php(502): CodeIgniter\CodeIgniter->runController(Object(App\Controllers\NominaController))
 6 SYSTEMPATH\CodeIgniter.php(361): CodeIgniter\CodeIgniter->handleRequest(null, Object(Config\Cache), false)
 7 FCPATH\index.php(79): CodeIgniter\CodeIgniter->run()
INFO - 2024-01-29 15:56:31 --> Session: Class initialized using 'CodeIgniter\Session\Handlers\FileHandler' driver.
INFO - 2024-01-29 15:57:31 --> Session: Class initialized using 'CodeIgniter\Session\Handlers\FileHandler' driver.
INFO - 2024-01-29 15:57:33 --> Session: Class initialized using 'CodeIgniter\Session\Handlers\FileHandler' driver.
INFO - 2024-01-29 15:57:33 --> Session: Class initialized using 'CodeIgniter\Session\Handlers\FileHandler' driver.
INFO - 2024-01-29 16:03:09 --> Session: Class initialized using 'CodeIgniter\Session\Handlers\FileHandler' driver.
INFO - 2024-01-29 16:03:09 --> Session: Class initialized using 'CodeIgniter\Session\Handlers\FileHandler' driver.
INFO - 2024-01-29 16:18:31 --> Session: Class initialized using 'CodeIgniter\Session\Handlers\FileHandler' driver.
INFO - 2024-01-29 17:18:23 --> Session: Class initialized using 'CodeIgniter\Session\Handlers\FileHandler' driver.
INFO - 2024-01-29 17:18:49 --> Session: Class initialized using 'CodeIgniter\Session\Handlers\FileHandler' driver.
INFO - 2024-01-29 17:19:33 --> Session: Class initialized using 'CodeIgniter\Session\Handlers\FileHandler' driver.
INFO - 2024-01-29 17:19:40 --> Session: Class initialized using 'CodeIgniter\Session\Handlers\FileHandler' driver.
INFO - 2024-01-29 17:20:15 --> Session: Class initialized using 'CodeIgniter\Session\Handlers\FileHandler' driver.
INFO - 2024-01-29 17:20:42 --> Session: Class initialized using 'CodeIgniter\Session\Handlers\FileHandler' driver.
INFO - 2024-01-29 17:22:23 --> Session: Class initialized using 'CodeIgniter\Session\Handlers\FileHandler' driver.
INFO - 2024-01-29 17:26:59 --> Session: Class initialized using 'CodeIgniter\Session\Handlers\FileHandler' driver.
INFO - 2024-01-29 17:26:59 --> Session: Class initialized using 'CodeIgniter\Session\Handlers\FileHandler' driver.
INFO - 2024-01-29 17:31:13 --> Session: Class initialized using 'CodeIgniter\Session\Handlers\FileHandler' driver.
INFO - 2024-01-29 17:31:14 --> Session: Class initialized using 'CodeIgniter\Session\Handlers\FileHandler' driver.
INFO - 2024-01-29 18:10:04 --> Session: Class initialized using 'CodeIgniter\Session\Handlers\FileHandler' driver.
INFO - 2024-01-29 18:10:04 --> Session: Class initialized using 'CodeIgniter\Session\Handlers\FileHandler' driver.
INFO - 2024-01-29 18:10:14 --> Session: Class initialized using 'CodeIgniter\Session\Handlers\FileHandler' driver.
INFO - 2024-01-29 18:10:14 --> Session: Class initialized using 'CodeIgniter\Session\Handlers\FileHandler' driver.
INFO - 2024-01-29 18:10:19 --> Session: Class initialized using 'CodeIgniter\Session\Handlers\FileHandler' driver.
INFO - 2024-01-29 20:27:11 --> Session: Class initialized using 'CodeIgniter\Session\Handlers\FileHandler' driver.
INFO - 2024-01-29 20:27:11 --> Session: Class initialized using 'CodeIgniter\Session\Handlers\FileHandler' driver.
INFO - 2024-01-29 20:27:16 --> Session: Class initialized using 'CodeIgniter\Session\Handlers\FileHandler' driver.
INFO - 2024-01-29 20:27:22 --> Session: Class initialized using 'CodeIgniter\Session\Handlers\FileHandler' driver.
INFO - 2024-01-29 20:27:22 --> Session: Class initialized using 'CodeIgniter\Session\Handlers\FileHandler' driver.
